2024-10-17 15:50:05,859 [INFO] Activator:176 - 


2024-10-17 15:50:05,861 [INFO] Activator:177 - !SESSION log4j initialized
2024-10-17 15:50:05,997 [ERROR] LogOutputStream:75 - [STDERR_REDIRECT] SWT Webkit: Warning, You are using an old version of webkitgtk. (pre 2.4) BrowserFunction functionality will not be available
2024-10-17 15:50:05,998 [ERROR] LogOutputStream:75 - [STDERR_REDIRECT] SWT WebKit: error initializing DBus server, dBusServer == 0
2024-10-17 15:50:07,531 [INFO] LogOutputStream:77 - [STDOUT_REDIRECT] 
2024-10-17 15:50:16,462 [INFO] ApplicationProperties:184 - Using Application install path: /app/stm32cubeide/plugins/com.st.stm32cube.common.mx_6.8.0.202302231600
2024-10-17 15:50:16,480 [INFO] DbMcusXml:78 - Set database path to: /app/stm32cubeide/plugins/com.st.stm32cube.common.mx_6.8.0.202302231600//db//mcu/
2024-10-17 15:50:16,480 [INFO] ApiDb:274 - Set plugin database path to: /app/stm32cubeide/plugins/com.st.stm32cube.common.mx_6.8.0.202302231600//db//plugins/boardmanager/
2024-10-17 15:50:16,483 [WARN] ApiDb:259 - Overriding images path with different value:  => /app/stm32cubeide/plugins/com.st.stm32cube.common.mx_6.8.0.202302231600//db//plugins/mcufinder/images/
2024-10-17 15:50:16,494 [INFO] ApiDb:250 - Set database path to: /home/gllekk/.stmcufinder/plugins/mcufinder//mcu/
2024-10-17 15:50:16,496 [INFO] DbMcusAds:125 - Set database path to: /home/gllekk/.stmcufinder/plugins/mcufinder//mcu/
2024-10-17 15:50:16,498 [INFO] CrossReferenceDbSqlite:203 - Set database path to: /home/gllekk/.stmcufinder/plugins/mcufinder//mcu/cs/
2024-10-17 15:50:16,604 [INFO] RulesReader:64 - Compatibility file has been processed (293 Rules)
2024-10-17 15:50:16,650 [INFO] DbMcusXml:78 - Set database path to: /app/stm32cubeide/plugins/com.st.stm32cube.common.mx_6.8.0.202302231600//db//mcu/
2024-10-17 15:50:16,650 [INFO] ApiDb:274 - Set plugin database path to: /app/stm32cubeide/plugins/com.st.stm32cube.common.mx_6.8.0.202302231600//db//plugins/boardmanager/
2024-10-17 15:50:16,650 [INFO] ApiDb:261 - Set plugin images path to: /app/stm32cubeide/plugins/com.st.stm32cube.common.mx_6.8.0.202302231600//db//plugins/mcufinder/images/
2024-10-17 15:50:16,650 [WARN] DbFile:41 - Overriding database path with different value: /home/gllekk/.stmcufinder/plugins/mcufinder/ => /home/gllekk/.stmcufinder/plugins/mcufinder
2024-10-17 15:50:16,650 [INFO] ApiDb:250 - Set database path to: /home/gllekk/.stmcufinder/plugins/mcufinder//mcu/
2024-10-17 15:50:16,651 [WARN] DbFile:41 - Overriding database path with different value: /home/gllekk/.stmcufinder/plugins/mcufinder/ => /home/gllekk/.stmcufinder/plugins/mcufinder
2024-10-17 15:50:16,651 [INFO] DbMcusAds:125 - Set database path to: /home/gllekk/.stmcufinder/plugins/mcufinder//mcu/
2024-10-17 15:50:16,651 [WARN] DbFile:41 - Overriding database path with different value: /home/gllekk/.stmcufinder/plugins/mcufinder/ => /home/gllekk/.stmcufinder/plugins/mcufinder
2024-10-17 15:50:16,651 [WARN] DbFile:41 - Overriding database path with different value: /home/gllekk/.stmcufinder/plugins/mcufinder/ => /home/gllekk/.stmcufinder/plugins/mcufinder
2024-10-17 15:50:16,651 [INFO] CrossReferenceDbSqlite:203 - Set database path to: /home/gllekk/.stmcufinder/plugins/mcufinder//mcu/cs/
2024-10-17 15:50:16,701 [INFO] MainPanel:253 - HeapMemory: 268435456
2024-10-17 15:50:16,827 [INFO] DbMcusXml:78 - Set database path to: /app/stm32cubeide/plugins/com.st.stm32cube.common.mx_6.8.0.202302231600//db//mcu/
2024-10-17 15:50:16,827 [INFO] ApiDb:274 - Set plugin database path to: /app/stm32cubeide/plugins/com.st.stm32cube.common.mx_6.8.0.202302231600//db//plugins/boardmanager/
2024-10-17 15:50:16,827 [INFO] ApiDb:261 - Set plugin images path to: /app/stm32cubeide/plugins/com.st.stm32cube.common.mx_6.8.0.202302231600//db//plugins/mcufinder/images/
2024-10-17 15:50:16,828 [WARN] DbFile:41 - Overriding database path with different value: /home/gllekk/.stmcufinder/plugins/mcufinder/ => /home/gllekk/.stmcufinder/plugins/mcufinder
2024-10-17 15:50:16,828 [INFO] ApiDb:250 - Set database path to: /home/gllekk/.stmcufinder/plugins/mcufinder//mcu/
2024-10-17 15:50:16,828 [WARN] DbFile:41 - Overriding database path with different value: /home/gllekk/.stmcufinder/plugins/mcufinder/ => /home/gllekk/.stmcufinder/plugins/mcufinder
2024-10-17 15:50:16,828 [INFO] DbMcusAds:125 - Set database path to: /home/gllekk/.stmcufinder/plugins/mcufinder//mcu/
2024-10-17 15:50:16,828 [WARN] DbFile:41 - Overriding database path with different value: /home/gllekk/.stmcufinder/plugins/mcufinder/ => /home/gllekk/.stmcufinder/plugins/mcufinder
2024-10-17 15:50:16,828 [WARN] DbFile:41 - Overriding database path with different value: /home/gllekk/.stmcufinder/plugins/mcufinder/ => /home/gllekk/.stmcufinder/plugins/mcufinder
2024-10-17 15:50:16,828 [INFO] CrossReferenceDbSqlite:203 - Set database path to: /home/gllekk/.stmcufinder/plugins/mcufinder//mcu/cs/
2024-10-17 15:50:16,845 [INFO] ApplicationProperties:184 - Using Application install path: /app/stm32cubeide/plugins/com.st.stm32cube.common.mx_6.8.0.202302231600
2024-10-17 15:50:16,847 [INFO] PluginManage:196 - Search for loadable plugins [exclusion list=, ]
2024-10-17 15:50:16,848 [INFO] PluginManage:310 - Check plugin analytics
2024-10-17 15:50:16,969 [INFO] AnalyticsPlugin:253 - Accepted Software Licenses: 
2024-10-17 15:50:16,969 [INFO] AnalyticsPlugin:255 - Accepted CMSIS Pack Licenses: 
2024-10-17 15:50:16,969 [INFO] AnalyticsPlugin:257 - Accepted Firmware Licenses: 
2024-10-17 15:50:16,975 [INFO] PluginManage:359 - Loaded plugin analytics (category:tool,tabindex:-1)
2024-10-17 15:50:16,976 [INFO] PluginManage:310 - Check plugin cadmodel
2024-10-17 15:50:17,095 [INFO] CADModel:105 - Init CAD model plugin
2024-10-17 15:50:17,095 [INFO] PluginManage:359 - Loaded plugin cadmodel (category:power,tabindex:5)
2024-10-17 15:50:17,095 [INFO] PluginManage:310 - Check plugin clock
2024-10-17 15:50:17,102 [INFO] PluginManage:359 - Loaded plugin clock (category:base,tabindex:2)
2024-10-17 15:50:17,102 [INFO] PluginManage:310 - Check plugin ddr
2024-10-17 15:50:17,103 [INFO] PluginManage:359 - Loaded plugin ddr (category:tool,tabindex:6)
2024-10-17 15:50:17,103 [INFO] PluginManage:310 - Check plugin filemanager
2024-10-17 15:50:17,221 [INFO] PluginManage:359 - Loaded plugin filemanager (category:base,tabindex:10)
2024-10-17 15:50:17,221 [INFO] PluginManage:310 - Check plugin ipmanager
2024-10-17 15:50:17,226 [INFO] PluginManage:359 - Loaded plugin ipmanager (category:base,tabindex:5)
2024-10-17 15:50:17,226 [INFO] PluginManage:310 - Check plugin lpbam
2024-10-17 15:50:17,237 [INFO] PluginManage:359 - Loaded plugin lpbam (category:base,tabindex:0)
2024-10-17 15:50:17,237 [INFO] PluginManage:310 - Check plugin pinoutandconfiguration
2024-10-17 15:50:17,246 [INFO] PluginManage:359 - Loaded plugin pinoutandconfiguration (category:base,tabindex:1)
2024-10-17 15:50:17,247 [INFO] PluginManage:310 - Check plugin pinoutconfig
2024-10-17 15:50:17,307 [WARN] SupportedApi:132 - Cannot load RTOS API schema: s4s-elt-must-match.1: The content of 'definitions' must match (annotation?, (simpleType | complexType)?, (unique | key | keyref)*)). A problem was found starting at: attribute.
2024-10-17 15:50:17,434 [INFO] PluginManage:359 - Loaded plugin pinoutconfig (category:base,tabindex:0)
2024-10-17 15:50:17,435 [INFO] PluginManage:310 - Check plugin power
2024-10-17 15:50:17,442 [INFO] PluginManage:359 - Loaded plugin power (category:power,tabindex:4)
2024-10-17 15:50:17,442 [INFO] PluginManage:310 - Check plugin projectmanager
2024-10-17 15:50:17,458 [INFO] PluginManage:359 - Loaded plugin projectmanager (category:projectmanager,tabindex:3)
2024-10-17 15:50:17,459 [INFO] PluginManage:310 - Check plugin thirdparty
2024-10-17 15:50:17,555 [WARN] IntegrityCheckThread:84 - waiting for thirdparty lock release [integrity check]
2024-10-17 15:50:17,556 [INFO] PluginManage:359 - Loaded plugin thirdparty (category:base,tabindex:-1)
2024-10-17 15:50:17,556 [INFO] IntegrityCheckThread:86 - entering critical section [integrity check]
2024-10-17 15:50:17,556 [INFO] PluginManage:310 - Check plugin tools
2024-10-17 15:50:17,558 [INFO] ThirdPartyUpdaterWithRetryManager:70 - Updater plugin not ready yet. [1/15]
2024-10-17 15:50:17,558 [INFO] PluginManage:359 - Loaded plugin tools (category:base,tabindex:7)
2024-10-17 15:50:17,558 [INFO] PluginManage:310 - Check plugin tutovideos
2024-10-17 15:50:17,732 [INFO] PluginManage:359 - Loaded plugin tutovideos (category:base,tabindex:-1)
2024-10-17 15:50:17,732 [INFO] PluginManage:310 - Check plugin updater
2024-10-17 15:50:17,745 [INFO] PluginManage:359 - Loaded plugin updater (category:base,tabindex:12)
2024-10-17 15:50:17,745 [INFO] PluginManage:283 - PluginManage : Loaded plugins [15]
2024-10-17 15:50:17,938 [INFO] PinOutPanel:1499 - setPackage(No Configuration,No Configuration)
2024-10-17 15:50:17,985 [INFO] CADModel:165 - CPN selected for project level
2024-10-17 15:50:17,985 [INFO] CADModel:114 - Register for checkConnection events
2024-10-17 15:50:17,993 [INFO] IPUIPlugin:80 - create IPUIPlugin
2024-10-17 15:50:17,994 [INFO] PluginManager:220 - loadIPPluginJar : add ts
2024-10-17 15:50:17,998 [INFO] IPUIPlugin:80 - create IPUIPlugin
2024-10-17 15:50:17,998 [INFO] PluginManager:220 - loadIPPluginJar : add usart
2024-10-17 15:50:17,999 [INFO] IPUIPlugin:80 - create IPUIPlugin
2024-10-17 15:50:18,000 [INFO] PluginManager:220 - loadIPPluginJar : add quadspi
2024-10-17 15:50:18,005 [INFO] IPUIPlugin:80 - create IPUIPlugin
2024-10-17 15:50:18,006 [INFO] PluginManager:220 - loadIPPluginJar : add dma
2024-10-17 15:50:18,008 [INFO] IPUIPlugin:80 - create IPUIPlugin
2024-10-17 15:50:18,008 [INFO] PluginManager:220 - loadIPPluginJar : add aes
2024-10-17 15:50:18,010 [INFO] IPUIPlugin:80 - create IPUIPlugin
2024-10-17 15:50:18,010 [INFO] PluginManager:220 - loadIPPluginJar : add tim
2024-10-17 15:50:18,012 [INFO] IPUIPlugin:80 - create IPUIPlugin
2024-10-17 15:50:18,012 [INFO] PluginManager:220 - loadIPPluginJar : add can
2024-10-17 15:50:18,015 [INFO] IPUIPlugin:80 - create IPUIPlugin
2024-10-17 15:50:18,015 [INFO] PluginManager:220 - loadIPPluginJar : add gtzc
2024-10-17 15:50:18,022 [INFO] IPUIPlugin:80 - create IPUIPlugin
2024-10-17 15:50:18,022 [INFO] PluginManager:220 - loadIPPluginJar : add adc
2024-10-17 15:50:18,023 [INFO] IPUIPlugin:80 - create IPUIPlugin
2024-10-17 15:50:18,023 [INFO] PluginManager:220 - loadIPPluginJar : add tsc
2024-10-17 15:50:18,025 [INFO] IPUIPlugin:80 - create IPUIPlugin
2024-10-17 15:50:18,025 [INFO] PluginManager:220 - loadIPPluginJar : add spi
2024-10-17 15:50:18,027 [INFO] IPUIPlugin:80 - create IPUIPlugin
2024-10-17 15:50:18,027 [INFO] PluginManager:220 - loadIPPluginJar : add i2s
2024-10-17 15:50:18,030 [INFO] IPUIPlugin:80 - create IPUIPlugin
2024-10-17 15:50:18,030 [INFO] PluginManager:220 - loadIPPluginJar : add usbx
2024-10-17 15:50:18,032 [INFO] IPUIPlugin:80 - create IPUIPlugin
2024-10-17 15:50:18,032 [INFO] PluginManager:220 - loadIPPluginJar : add cryp
2024-10-17 15:50:18,035 [INFO] IPUIPlugin:80 - create IPUIPlugin
2024-10-17 15:50:18,035 [INFO] PluginManager:220 - loadIPPluginJar : add resmgrutility
2024-10-17 15:50:18,039 [INFO] IPUIPlugin:80 - create IPUIPlugin
2024-10-17 15:50:18,039 [INFO] PluginManager:220 - loadIPPluginJar : add stm32_wpan
2024-10-17 15:50:18,044 [INFO] IPUIPlugin:80 - create IPUIPlugin
2024-10-17 15:50:18,044 [INFO] PluginManager:220 - loadIPPluginJar : add freertos
2024-10-17 15:50:18,045 [INFO] IPUIPlugin:80 - create IPUIPlugin
2024-10-17 15:50:18,045 [INFO] PluginManager:220 - loadIPPluginJar : add ltdc
2024-10-17 15:50:18,047 [INFO] IPUIPlugin:80 - create IPUIPlugin
2024-10-17 15:50:18,048 [INFO] PluginManager:220 - loadIPPluginJar : add opamp
2024-10-17 15:50:18,049 [INFO] IPUIPlugin:80 - create IPUIPlugin
2024-10-17 15:50:18,049 [INFO] PluginManager:220 - loadIPPluginJar : add tracer_emb
2024-10-17 15:50:18,055 [INFO] IPUIPlugin:80 - create IPUIPlugin
2024-10-17 15:50:18,055 [INFO] PluginManager:220 - loadIPPluginJar : add mdma
2024-10-17 15:50:18,057 [INFO] IPUIPlugin:80 - create IPUIPlugin
2024-10-17 15:50:18,058 [INFO] PluginManager:220 - loadIPPluginJar : add pdm2pcm
2024-10-17 15:50:18,060 [INFO] IPUIPlugin:80 - create IPUIPlugin
2024-10-17 15:50:18,060 [INFO] PluginManager:220 - loadIPPluginJar : add openamp
2024-10-17 15:50:18,068 [INFO] IPUIPlugin:80 - create IPUIPlugin
2024-10-17 15:50:18,068 [INFO] PluginManager:220 - loadIPPluginJar : add linkedlist
2024-10-17 15:50:18,071 [INFO] IPUIPlugin:80 - create IPUIPlugin
2024-10-17 15:50:18,071 [INFO] PluginManager:220 - loadIPPluginJar : add touchsensing
2024-10-17 15:50:18,074 [INFO] IPUIPlugin:80 - create IPUIPlugin
2024-10-17 15:50:18,074 [INFO] PluginManager:220 - loadIPPluginJar : add sai
2024-10-17 15:50:18,076 [INFO] IPUIPlugin:80 - create IPUIPlugin
2024-10-17 15:50:18,076 [INFO] PluginManager:220 - loadIPPluginJar : add genericplugin
2024-10-17 15:50:18,078 [INFO] IPUIPlugin:80 - create IPUIPlugin
2024-10-17 15:50:18,078 [INFO] PluginManager:220 - loadIPPluginJar : add hash
2024-10-17 15:50:18,080 [INFO] IPUIPlugin:80 - create IPUIPlugin
2024-10-17 15:50:18,080 [INFO] PluginManager:220 - loadIPPluginJar : add i2c
2024-10-17 15:50:18,084 [INFO] IPUIPlugin:80 - create IPUIPlugin
2024-10-17 15:50:18,084 [INFO] PluginManager:220 - loadIPPluginJar : add fmc
2024-10-17 15:50:18,086 [INFO] IPUIPlugin:80 - create IPUIPlugin
2024-10-17 15:50:18,086 [INFO] PluginManager:220 - loadIPPluginJar : add ucpd
2024-10-17 15:50:18,089 [INFO] IPUIPlugin:80 - create IPUIPlugin
2024-10-17 15:50:18,089 [INFO] PluginManager:220 - loadIPPluginJar : add nvic
2024-10-17 15:50:18,091 [INFO] IPUIPlugin:80 - create IPUIPlugin
2024-10-17 15:50:18,091 [INFO] PluginManager:220 - loadIPPluginJar : add i3c
2024-10-17 15:50:18,095 [INFO] IPUIPlugin:80 - create IPUIPlugin
2024-10-17 15:50:18,096 [INFO] PluginManager:220 - loadIPPluginJar : add gic
2024-10-17 15:50:18,101 [INFO] IPUIPlugin:80 - create IPUIPlugin
2024-10-17 15:50:18,104 [INFO] PluginManager:220 - loadIPPluginJar : add plateformsettings
2024-10-17 15:50:18,105 [INFO] IPUIPlugin:80 - create IPUIPlugin
2024-10-17 15:50:18,105 [INFO] PluginManager:220 - loadIPPluginJar : add comp
2024-10-17 15:50:18,107 [INFO] IPUIPlugin:80 - create IPUIPlugin
2024-10-17 15:50:18,107 [INFO] PluginManager:220 - loadIPPluginJar : add gfxmmu
2024-10-17 15:50:18,110 [INFO] IPUIPlugin:80 - create IPUIPlugin
2024-10-17 15:50:18,111 [INFO] PluginManager:220 - loadIPPluginJar : add gpio
2024-10-17 15:50:18,112 [INFO] IPUIPlugin:80 - create IPUIPlugin
2024-10-17 15:50:18,113 [INFO] PluginManager:220 - loadIPPluginJar : add dma3
2024-10-17 15:50:18,115 [INFO] IPUIPlugin:80 - create IPUIPlugin
2024-10-17 15:50:18,115 [INFO] PluginManager:220 - loadIPPluginJar : add dfsdm
2024-10-17 15:50:18,117 [INFO] IPUIPlugin:80 - create IPUIPlugin
2024-10-17 15:50:18,117 [INFO] PluginManager:220 - loadIPPluginJar : add lorawan
2024-10-17 15:50:18,118 [INFO] IPUIPlugin:80 - create IPUIPlugin
2024-10-17 15:50:18,118 [INFO] PluginManager:220 - loadIPPluginJar : add fatfs
2024-10-17 15:50:18,121 [INFO] IPUIPlugin:80 - create IPUIPlugin
2024-10-17 15:50:18,121 [INFO] PluginManager:220 - loadIPPluginJar : add ipddr
2024-10-17 15:50:18,225 [INFO] CADModel:165 - CPN selected for project level
2024-10-17 15:50:18,225 [INFO] CADModel:114 - Register for checkConnection events
2024-10-17 15:50:18,226 [FATAL] Updater:308 - Updater called before beeing initialized
2024-10-17 15:50:18,226 [ERROR] CADModel:125 - Updater not yet initialized, retry later 
2024-10-17 15:50:18,328 [INFO] CADModel:165 - CPN selected for project level
2024-10-17 15:50:18,328 [INFO] CADModel:114 - Register for checkConnection events
2024-10-17 15:50:18,328 [FATAL] Updater:308 - Updater called before beeing initialized
2024-10-17 15:50:18,328 [ERROR] CADModel:125 - Updater not yet initialized, retry later 
2024-10-17 15:50:18,331 [FATAL] Updater:308 - Updater called before beeing initialized
2024-10-17 15:50:18,397 [FATAL] Updater:308 - Updater called before beeing initialized
2024-10-17 15:50:18,404 [INFO] DbMcusAds:53 - JSON generation date=Fri Sep 20 16:04:23 GMT+03:00 2024 (1726837463100)
2024-10-17 15:50:18,404 [FATAL] Updater:308 - Updater called before beeing initialized
2024-10-17 15:50:18,437 [WARN] DetailPanel:346 - Failed to get advertising image, set to default
2024-10-17 15:50:18,541 [FATAL] Updater:308 - Updater called before beeing initialized
2024-10-17 15:50:18,543 [FATAL] Updater:308 - Updater called before beeing initialized
2024-10-17 15:50:18,543 [FATAL] Updater:308 - Updater called before beeing initialized
2024-10-17 15:50:18,543 [WARN] DetailPanel:346 - Failed to get advertising image, set to default
2024-10-17 15:50:18,544 [FATAL] Updater:308 - Updater called before beeing initialized
2024-10-17 15:50:18,571 [ERROR] Updater:1120 - MainUpdater not yet initialized. External WinMGr cannot be set.
2024-10-17 15:50:18,572 [INFO] Updater:1056 - Updater Version found : 6.8.0
2024-10-17 15:50:18,587 [INFO] ApplicationProperties:184 - Using Application install path: /app/stm32cubeide/plugins/com.st.stm32cube.common.mx_6.8.0.202302231600
2024-10-17 15:50:18,737 [INFO] MainUpdater:2854 - connection check result : 10
2024-10-17 15:50:18,738 [INFO] MainUpdater:283 - Updater Check For Update Now.
2024-10-17 15:50:18,738 [INFO] MicroXplorer:498 - Change Database Version : DB.6.0.80
2024-10-17 15:50:18,903 [INFO] CheckServerUpdateThread:120 - End of CheckServer Thread
2024-10-17 15:50:18,946 [INFO] MainUpdater:2854 - connection check result : 10
2024-10-17 15:50:19,208 [INFO] ApiDb:581 - Connected to CubeFinder SQLite database (/home/gllekk/.stmcufinder/plugins/mcufinder/mcu/cube-finder-db.db)
2024-10-17 15:50:19,263 [INFO] ApiDb:668 - CubeFinder database Data Model version=2.1
2024-10-17 15:50:19,263 [INFO] ApiDb:669 - CubeFinder database Configuration version=3.0.39
2024-10-17 15:50:19,263 [INFO] ApiDb:670 - CubeFinder database generation date=2024-09-16 (1726485674)
2024-10-17 15:50:19,263 [INFO] ApiDb:671 - CubeFinder database FW Pack versions=[FP-ATR-ASTRA1_V2.0.0, FP-SNS-FLIGHT1_V5.0.2, FP-SNS-MOTENV1_V5.0.0, FP-SNS-MOTENVWB1_V1.4.0, FP-SNS-SMARTAG2_V1.2.0, FP-SNS-STBOX1_V2.0.0, STM32Cube_FW_C0_V1.2.0, STM32Cube_FW_F4_V1.28.1, STM32Cube_FW_F7_V1.17.2, STM32Cube_FW_G0_V1.6.2, STM32Cube_FW_G4_V1.6.0, STM32Cube_FW_H5_V1.3.0, STM32Cube_FW_H7RS_V1.1.0, STM32Cube_FW_H7_V1.11.2, STM32Cube_FW_L0_V1.12.2, STM32Cube_FW_L5_V1.5.1, STM32Cube_FW_U0_V1.1.0, STM32Cube_FW_U5_V1.6.0, STM32Cube_FW_WB0_V1.0.0, STM32Cube_FW_WBA_V1.4.1, STM32Cube_FW_WB_V1.20.0, STM32Cube_FW_WL_V1.3.0, X-CUBE-ALGOBUILD_V1.4.0, X-CUBE-ALS_V1.0.2, X-CUBE-AZRTOS-F4_V1.1.0, X-CUBE-AZRTOS-F7_V1.1.0, X-CUBE-AZRTOS-G0_V1.1.0, X-CUBE-AZRTOS-G4_V2.0.0, X-CUBE-AZRTOS-H7RS_V1.0.0, X-CUBE-AZRTOS-H7_V3.2.0, X-CUBE-AZRTOS-L4_V2.0.0, X-CUBE-AZRTOS-L5_V2.0.0, X-CUBE-AZRTOS-WB_V2.0.0, X-CUBE-AZRTOS-WL_V2.0.0, X-CUBE-BLE1_V7.0.0, X-CUBE-BLE2_V3.3.0, X-CUBE-BLEMGR_V3.1.0, X-CUBE-EEPRMA1_V5.1.0, X-CUBE-FREERTOS_V1.2.0, X-CUBE-GNSS1_V6.0.0, X-CUBE-MEMS1_V11.0.0, X-CUBE-NFC4_V3.0.0, X-CUBE-NFC7_V1.0.1, X-CUBE-SFXS2LP1_V4.0.0, X-CUBE-SUBG2_V5.0.0, X-CUBE-TOF1_V3.4.2]
2024-10-17 15:50:19,395 [INFO] DbBoardsSqlite:226 - include board P-NUCLEO-WB55-NUCLEO as a kit item of type 'Nucleo-64'
2024-10-17 15:50:19,395 [INFO] DbBoardsSqlite:226 - include board P-NUCLEO-WB55-USBDONGLE as a kit item of type 'Nucleo USB Dongle'
2024-10-17 15:50:19,396 [INFO] DbBoardsSqlite:226 - include board STEVAL-IDP005V1 as a kit item of type 'Evaluation Board'
2024-10-17 15:50:19,396 [INFO] DbBoardsSqlite:226 - include board STEVAL-IDP005V2 as a kit item of type 'Evaluation Board'
2024-10-17 15:50:19,438 [INFO] ApiDb:240 - Found 297 in-development CPN: [B-G473E-ZEST1S, B-WB1M-WPAN1, B-WL5M-SUBG1, NUCLEO-C031C6, NUCLEO-H503RB, NUCLEO-H563ZI, NUCLEO-U545RE-Q, NUCLEO-U5A5ZJ-Q, NUCLEO-WBA52CG, STEVAL-PROTEUS1, STEVAL-STWINBX1, STM320518-EVAL, STM32C0116-DK, STM32C011D6Y3TR, STM32C011D6Y6TR, STM32C011F4P3, STM32C011F4P6, STM32C011F4U3, STM32C011F4U6TR, STM32C011F6P3, STM32C011F6P6, STM32C011F6U3, STM32C011F6U6TR, STM32C011J4M3, STM32C011J4M6, STM32C011J6M3, STM32C011J6M6, STM32C0316-DK, STM32C031C4T3, STM32C031C4T6, STM32C031C4U3, STM32C031C4U6, STM32C031C6T3, STM32C031C6T6, STM32C031C6U3, STM32C031C6U6, STM32C031F4P3, STM32C031F4P6, STM32C031F6P3, STM32C031F6P6, STM32C031G4U3, STM32C031G4U6, STM32C031G6U3, STM32C031G6U6, STM32C031K4T3, STM32C031K4T6, STM32C031K4U3, STM32C031K4U6, STM32C031K6T3, STM32C031K6T6, STM32C031K6U3, STM32C031K6U6, STM32G071K8TXN, STM32G071K8UXN, STM32G081GBU6N, STM32G081KBT6N, STM32G081KBUXN, STM32G0B1CCT6N, STM32G0B1KCT6, STM32G0B1NEY6TR, STM32G0B1RCT6N, STM32G0C1CCT6, STM32G0C1CCT6N, STM32G0C1CCU6N, STM32G0C1CET6N, STM32G0C1CEU6N, STM32G0C1KCT6, STM32G0C1NEY6TR, STM32G0C1RCI6N, STM32G0C1RCT6N, STM32G0C1REI6N, STM32G0C1RET6N, STM32G0C1VCI6, STM32G0C1VEI6, STM32G471CCT6, STM32G471CCU6, STM32G471CET3, STM32G471CET6, STM32G471CEU3, STM32G471CEU6, STM32G471MCT6, STM32G471MET3, STM32G471MET6, STM32G471MEY6TR, STM32G471QCT6, STM32G471QET3, STM32G471RCT6, STM32G471RET3, STM32G471RET6, STM32G471VCH6, STM32G471VCI6, STM32G471VCT6, STM32G471VEH3, STM32G471VEH6, STM32G471VEI3, STM32G471VEI6, STM32G471VET3, STM32G471VET6, STM32G474CCT6, STM32H503CBT6, STM32H503CBU6, STM32H503EBY6TR, STM32H503KBU6, STM32H503RBT6, STM32H562AGI6, STM32H562AII6, STM32H562IGK6, STM32H562IGT6, STM32H562IIK6, STM32H562IIT6, STM32H562RGT6, STM32H562RGV6, STM32H562RIT6, STM32H562RIV6, STM32H562VGT6, STM32H562VIT6, STM32H562ZGT6, STM32H562ZIT6, STM32H563AGI6, STM32H563AII3Q, STM32H563AII6, STM32H563IGK6, STM32H563IGT6, STM32H563IIK3Q, STM32H563IIK6, STM32H563IIT3Q, STM32H563IIT6, STM32H563MIY3QTR, STM32H563RGT6, STM32H563RGV6, STM32H563RIT6, STM32H563RIV6, STM32H563VGT6, STM32H563VIT3Q, STM32H563VIT6, STM32H563ZGT6, STM32H563ZIT3Q, STM32H563ZIT6, STM32H573AII3Q, STM32H573AII6, STM32H573I-DK, STM32H573IIK3Q, STM32H573IIK6, STM32H573IIT3Q, STM32H573IIT6, STM32H573MIY3QTR, STM32H573RIT6, STM32H573RIV6, STM32H573VIT3Q, STM32H573VIT6, STM32H573ZIT3Q, STM32H573ZIT6, STM32L4R5QGI6STR, STM32MP131AAE3, STM32MP131AAF3, STM32MP131AAG3, STM32MP131CAE3, STM32MP131CAF3, STM32MP131CAG3, STM32MP131DAE7, STM32MP131DAF7, STM32MP131DAG7, STM32MP131FAE7, STM32MP131FAF7, STM32MP131FAG7, STM32MP133AAE3, STM32MP133AAF3, STM32MP133AAG3, STM32MP133CAE3, STM32MP133CAF3, STM32MP133CAG3, STM32MP133DAE7, STM32MP133DAF7, STM32MP133DAG7, STM32MP133FAE7, STM32MP133FAF7, STM32MP133FAG7, STM32MP135AAE3, STM32MP135AAF3, STM32MP135AAG3, STM32MP135CAE3, STM32MP135CAF3, STM32MP135CAG3, STM32MP135DAE7, STM32MP135DAF7, STM32MP135DAG7, STM32MP135F-DK, STM32MP135FAE7, STM32MP135FAF7, STM32MP135FAF7T, STM32MP135FAF7U, STM32MP135FAG7, STM32U535CBT6, STM32U535CBT6Q, STM32U535CBU6, STM32U535CBU6Q, STM32U535CCT6, STM32U535CCT6Q, STM32U535CCU6, STM32U535CCU6Q, STM32U535CET6, STM32U535CET6Q, STM32U535CEU6, STM32U535CEU6Q, STM32U535JEY6QTR, STM32U535NCY6QTR, STM32U535NEY6QTR, STM32U535RBI6, STM32U535RBI6Q, STM32U535RBT6, STM32U535RBT6Q, STM32U535RCI6, STM32U535RCI6Q, STM32U535RCT6, STM32U535RCT6Q, STM32U535REI6, STM32U535REI6Q, STM32U535RET6, STM32U535RET6Q, STM32U535VCI6, STM32U535VCI6Q, STM32U535VCT6, STM32U535VCT6Q, STM32U535VEI6, STM32U535VEI6Q, STM32U535VET6, STM32U535VET6Q, STM32U545CET6, STM32U545CET6Q, STM32U545CEU6, STM32U545CEU6Q, STM32U545JEY6QTR, STM32U545NEY6QTR, STM32U545REI6, STM32U545REI6Q, STM32U545RET6, STM32U545RET6Q, STM32U545VEI6, STM32U545VEI6Q, STM32U545VET6, STM32U545VET6Q, STM32U595AIH6, STM32U595AIH6Q, STM32U595AJH6, STM32U595AJH6Q, STM32U595QII6, STM32U595QII6Q, STM32U595QJI6, STM32U595QJI6Q, STM32U595RIT6, STM32U595RIT6Q, STM32U595RJT6, STM32U595RJT6Q, STM32U595VIT6, STM32U595VIT6Q, STM32U595VJT6, STM32U595VJT6Q, STM32U595ZIT6, STM32U595ZIT6Q, STM32U595ZIY6QTR, STM32U595ZJT6, STM32U595ZJT6Q, STM32U595ZJY6QTR, STM32U599BJY6QTR, STM32U599NIH6Q, STM32U599NJH6Q, STM32U599VIT6Q, STM32U599VJT6, STM32U599VJT6Q, STM32U599ZIT6Q, STM32U599ZIY6QTR, STM32U599ZJT6Q, STM32U599ZJY6QTR, STM32U5A5AJH6, STM32U5A5AJH6Q, STM32U5A5QJI6, STM32U5A5QJI6Q, STM32U5A5RJT6, STM32U5A5RJT6Q, STM32U5A5VJT6, STM32U5A5VJT6Q, STM32U5A5ZJT6, STM32U5A5ZJT6Q, STM32U5A5ZJY6QTR, STM32U5A9BJY6QTR, STM32U5A9J-DK, STM32U5A9NJH6Q, STM32U5A9VJT6Q, STM32U5A9ZJT6Q, STM32U5A9ZJY6QTR, STM32WB1MMCH6, STM32WBA52CEU6, STM32WBA52CEU6T, STM32WBA52CGU6, STM32WBA52CGU6T, STM32WL5MOCH6, STM32WL5MOCH6TR]
2024-10-17 15:50:19,444 [INFO] ApiDb:668 - CubeFinder database Data Model version=2.1
2024-10-17 15:50:19,444 [INFO] ApiDb:669 - CubeFinder database Configuration version=3.0.39
2024-10-17 15:50:19,444 [INFO] ApiDb:670 - CubeFinder database generation date=2024-09-16 (1726485674)
2024-10-17 15:50:19,444 [INFO] ApiDb:671 - CubeFinder database FW Pack versions=[FP-ATR-ASTRA1_V2.0.0, FP-SNS-FLIGHT1_V5.0.2, FP-SNS-MOTENV1_V5.0.0, FP-SNS-MOTENVWB1_V1.4.0, FP-SNS-SMARTAG2_V1.2.0, FP-SNS-STBOX1_V2.0.0, STM32Cube_FW_C0_V1.2.0, STM32Cube_FW_F4_V1.28.1, STM32Cube_FW_F7_V1.17.2, STM32Cube_FW_G0_V1.6.2, STM32Cube_FW_G4_V1.6.0, STM32Cube_FW_H5_V1.3.0, STM32Cube_FW_H7RS_V1.1.0, STM32Cube_FW_H7_V1.11.2, STM32Cube_FW_L0_V1.12.2, STM32Cube_FW_L5_V1.5.1, STM32Cube_FW_U0_V1.1.0, STM32Cube_FW_U5_V1.6.0, STM32Cube_FW_WB0_V1.0.0, STM32Cube_FW_WBA_V1.4.1, STM32Cube_FW_WB_V1.20.0, STM32Cube_FW_WL_V1.3.0, X-CUBE-ALGOBUILD_V1.4.0, X-CUBE-ALS_V1.0.2, X-CUBE-AZRTOS-F4_V1.1.0, X-CUBE-AZRTOS-F7_V1.1.0, X-CUBE-AZRTOS-G0_V1.1.0, X-CUBE-AZRTOS-G4_V2.0.0, X-CUBE-AZRTOS-H7RS_V1.0.0, X-CUBE-AZRTOS-H7_V3.2.0, X-CUBE-AZRTOS-L4_V2.0.0, X-CUBE-AZRTOS-L5_V2.0.0, X-CUBE-AZRTOS-WB_V2.0.0, X-CUBE-AZRTOS-WL_V2.0.0, X-CUBE-BLE1_V7.0.0, X-CUBE-BLE2_V3.3.0, X-CUBE-BLEMGR_V3.1.0, X-CUBE-EEPRMA1_V5.1.0, X-CUBE-FREERTOS_V1.2.0, X-CUBE-GNSS1_V6.0.0, X-CUBE-MEMS1_V11.0.0, X-CUBE-NFC4_V3.0.0, X-CUBE-NFC7_V1.0.1, X-CUBE-SFXS2LP1_V4.0.0, X-CUBE-SUBG2_V5.0.0, X-CUBE-TOF1_V3.4.2]
2024-10-17 15:50:20,633 [WARN] PackLoader:240 - Cannot read IP mode file for STMicroelectronics.X-CUBE-BLE2.3.3.0
2024-10-17 15:50:20,637 [WARN] PackLoader:240 - Cannot read IP mode file for STMicroelectronics.FP-ATR-SIGFOX1.3.2.0
2024-10-17 15:50:20,639 [INFO] ThirdParty:978 - Integrity check success = true
2024-10-17 15:50:20,639 [INFO] IntegrityCheckThread:100 - exiting critical section [integrity check]
2024-10-17 15:50:20,639 [INFO] IntegrityCheckThread:103 - End integrity checks thread
2024-10-17 15:50:21,861 [INFO] ApiDb:240 - Found 297 in-development CPN: [B-G473E-ZEST1S, B-WB1M-WPAN1, B-WL5M-SUBG1, NUCLEO-C031C6, NUCLEO-H503RB, NUCLEO-H563ZI, NUCLEO-U545RE-Q, NUCLEO-U5A5ZJ-Q, NUCLEO-WBA52CG, STEVAL-PROTEUS1, STEVAL-STWINBX1, STM320518-EVAL, STM32C0116-DK, STM32C011D6Y3TR, STM32C011D6Y6TR, STM32C011F4P3, STM32C011F4P6, STM32C011F4U3, STM32C011F4U6TR, STM32C011F6P3, STM32C011F6P6, STM32C011F6U3, STM32C011F6U6TR, STM32C011J4M3, STM32C011J4M6, STM32C011J6M3, STM32C011J6M6, STM32C0316-DK, STM32C031C4T3, STM32C031C4T6, STM32C031C4U3, STM32C031C4U6, STM32C031C6T3, STM32C031C6T6, STM32C031C6U3, STM32C031C6U6, STM32C031F4P3, STM32C031F4P6, STM32C031F6P3, STM32C031F6P6, STM32C031G4U3, STM32C031G4U6, STM32C031G6U3, STM32C031G6U6, STM32C031K4T3, STM32C031K4T6, STM32C031K4U3, STM32C031K4U6, STM32C031K6T3, STM32C031K6T6, STM32C031K6U3, STM32C031K6U6, STM32G071K8TXN, STM32G071K8UXN, STM32G081GBU6N, STM32G081KBT6N, STM32G081KBUXN, STM32G0B1CCT6N, STM32G0B1KCT6, STM32G0B1NEY6TR, STM32G0B1RCT6N, STM32G0C1CCT6, STM32G0C1CCT6N, STM32G0C1CCU6N, STM32G0C1CET6N, STM32G0C1CEU6N, STM32G0C1KCT6, STM32G0C1NEY6TR, STM32G0C1RCI6N, STM32G0C1RCT6N, STM32G0C1REI6N, STM32G0C1RET6N, STM32G0C1VCI6, STM32G0C1VEI6, STM32G471CCT6, STM32G471CCU6, STM32G471CET3, STM32G471CET6, STM32G471CEU3, STM32G471CEU6, STM32G471MCT6, STM32G471MET3, STM32G471MET6, STM32G471MEY6TR, STM32G471QCT6, STM32G471QET3, STM32G471RCT6, STM32G471RET3, STM32G471RET6, STM32G471VCH6, STM32G471VCI6, STM32G471VCT6, STM32G471VEH3, STM32G471VEH6, STM32G471VEI3, STM32G471VEI6, STM32G471VET3, STM32G471VET6, STM32G474CCT6, STM32H503CBT6, STM32H503CBU6, STM32H503EBY6TR, STM32H503KBU6, STM32H503RBT6, STM32H562AGI6, STM32H562AII6, STM32H562IGK6, STM32H562IGT6, STM32H562IIK6, STM32H562IIT6, STM32H562RGT6, STM32H562RGV6, STM32H562RIT6, STM32H562RIV6, STM32H562VGT6, STM32H562VIT6, STM32H562ZGT6, STM32H562ZIT6, STM32H563AGI6, STM32H563AII3Q, STM32H563AII6, STM32H563IGK6, STM32H563IGT6, STM32H563IIK3Q, STM32H563IIK6, STM32H563IIT3Q, STM32H563IIT6, STM32H563MIY3QTR, STM32H563RGT6, STM32H563RGV6, STM32H563RIT6, STM32H563RIV6, STM32H563VGT6, STM32H563VIT3Q, STM32H563VIT6, STM32H563ZGT6, STM32H563ZIT3Q, STM32H563ZIT6, STM32H573AII3Q, STM32H573AII6, STM32H573I-DK, STM32H573IIK3Q, STM32H573IIK6, STM32H573IIT3Q, STM32H573IIT6, STM32H573MIY3QTR, STM32H573RIT6, STM32H573RIV6, STM32H573VIT3Q, STM32H573VIT6, STM32H573ZIT3Q, STM32H573ZIT6, STM32L4R5QGI6STR, STM32MP131AAE3, STM32MP131AAF3, STM32MP131AAG3, STM32MP131CAE3, STM32MP131CAF3, STM32MP131CAG3, STM32MP131DAE7, STM32MP131DAF7, STM32MP131DAG7, STM32MP131FAE7, STM32MP131FAF7, STM32MP131FAG7, STM32MP133AAE3, STM32MP133AAF3, STM32MP133AAG3, STM32MP133CAE3, STM32MP133CAF3, STM32MP133CAG3, STM32MP133DAE7, STM32MP133DAF7, STM32MP133DAG7, STM32MP133FAE7, STM32MP133FAF7, STM32MP133FAG7, STM32MP135AAE3, STM32MP135AAF3, STM32MP135AAG3, STM32MP135CAE3, STM32MP135CAF3, STM32MP135CAG3, STM32MP135DAE7, STM32MP135DAF7, STM32MP135DAG7, STM32MP135F-DK, STM32MP135FAE7, STM32MP135FAF7, STM32MP135FAF7T, STM32MP135FAF7U, STM32MP135FAG7, STM32U535CBT6, STM32U535CBT6Q, STM32U535CBU6, STM32U535CBU6Q, STM32U535CCT6, STM32U535CCT6Q, STM32U535CCU6, STM32U535CCU6Q, STM32U535CET6, STM32U535CET6Q, STM32U535CEU6, STM32U535CEU6Q, STM32U535JEY6QTR, STM32U535NCY6QTR, STM32U535NEY6QTR, STM32U535RBI6, STM32U535RBI6Q, STM32U535RBT6, STM32U535RBT6Q, STM32U535RCI6, STM32U535RCI6Q, STM32U535RCT6, STM32U535RCT6Q, STM32U535REI6, STM32U535REI6Q, STM32U535RET6, STM32U535RET6Q, STM32U535VCI6, STM32U535VCI6Q, STM32U535VCT6, STM32U535VCT6Q, STM32U535VEI6, STM32U535VEI6Q, STM32U535VET6, STM32U535VET6Q, STM32U545CET6, STM32U545CET6Q, STM32U545CEU6, STM32U545CEU6Q, STM32U545JEY6QTR, STM32U545NEY6QTR, STM32U545REI6, STM32U545REI6Q, STM32U545RET6, STM32U545RET6Q, STM32U545VEI6, STM32U545VEI6Q, STM32U545VET6, STM32U545VET6Q, STM32U595AIH6, STM32U595AIH6Q, STM32U595AJH6, STM32U595AJH6Q, STM32U595QII6, STM32U595QII6Q, STM32U595QJI6, STM32U595QJI6Q, STM32U595RIT6, STM32U595RIT6Q, STM32U595RJT6, STM32U595RJT6Q, STM32U595VIT6, STM32U595VIT6Q, STM32U595VJT6, STM32U595VJT6Q, STM32U595ZIT6, STM32U595ZIT6Q, STM32U595ZIY6QTR, STM32U595ZJT6, STM32U595ZJT6Q, STM32U595ZJY6QTR, STM32U599BJY6QTR, STM32U599NIH6Q, STM32U599NJH6Q, STM32U599VIT6Q, STM32U599VJT6, STM32U599VJT6Q, STM32U599ZIT6Q, STM32U599ZIY6QTR, STM32U599ZJT6Q, STM32U599ZJY6QTR, STM32U5A5AJH6, STM32U5A5AJH6Q, STM32U5A5QJI6, STM32U5A5QJI6Q, STM32U5A5RJT6, STM32U5A5RJT6Q, STM32U5A5VJT6, STM32U5A5VJT6Q, STM32U5A5ZJT6, STM32U5A5ZJT6Q, STM32U5A5ZJY6QTR, STM32U5A9BJY6QTR, STM32U5A9J-DK, STM32U5A9NJH6Q, STM32U5A9VJT6Q, STM32U5A9ZJT6Q, STM32U5A9ZJY6QTR, STM32WB1MMCH6, STM32WBA52CEU6, STM32WBA52CEU6T, STM32WBA52CGU6, STM32WBA52CGU6T, STM32WL5MOCH6, STM32WL5MOCH6TR]
2024-10-17 15:50:21,866 [INFO] DbMcus:216 - Found 4180 MCUs, 4180 are supported
2024-10-17 15:50:21,869 [INFO] ApiDb:423 - Load user favorites file /home/gllekk/.stm32cubeide/favorites.mcus.txt: 2 item(s)
2024-10-17 15:50:21,869 [INFO] ApiDb:427 - User favorites MCUs=[STM32F303C6T6, STM32F303VCT6]
2024-10-17 15:50:21,869 [INFO] DbMcus:222 - Set 2 / 2 favorites MCUs
2024-10-17 15:50:22,281 [INFO] BoardInfo:880 - No configuration file found for board NUCLEO-H533RE
2024-10-17 15:50:22,281 [INFO] DbBoards:157 - Board is not supported: NUCLEO-H533RE
2024-10-17 15:50:22,289 [INFO] BoardInfo:880 - No configuration file found for board NUCLEO-H7S3L8
2024-10-17 15:50:22,289 [INFO] DbBoards:157 - Board is not supported: NUCLEO-H7S3L8
2024-10-17 15:50:22,307 [INFO] BoardInfo:880 - No configuration file found for board NUCLEO-U031R8
2024-10-17 15:50:22,307 [INFO] DbBoards:157 - Board is not supported: NUCLEO-U031R8
2024-10-17 15:50:22,308 [INFO] BoardInfo:880 - No configuration file found for board NUCLEO-U083RC
2024-10-17 15:50:22,308 [INFO] DbBoards:157 - Board is not supported: NUCLEO-U083RC
2024-10-17 15:50:22,312 [INFO] BoardInfo:880 - No configuration file found for board NUCLEO-WB05KZ
2024-10-17 15:50:22,312 [INFO] DbBoards:157 - Board is not supported: NUCLEO-WB05KZ
2024-10-17 15:50:22,313 [INFO] BoardInfo:880 - No configuration file found for board NUCLEO-WB07CC
2024-10-17 15:50:22,313 [INFO] DbBoards:157 - Board is not supported: NUCLEO-WB07CC
2024-10-17 15:50:22,314 [INFO] BoardInfo:880 - No configuration file found for board NUCLEO-WB09KE
2024-10-17 15:50:22,314 [INFO] DbBoards:157 - Board is not supported: NUCLEO-WB09KE
2024-10-17 15:50:22,318 [INFO] BoardInfo:880 - No configuration file found for board NUCLEO-WBA55CG
2024-10-17 15:50:22,318 [INFO] DbBoards:157 - Board is not supported: NUCLEO-WBA55CG
2024-10-17 15:50:22,322 [INFO] BoardInfo:880 - No configuration file found for board P-NUCLEO-WB55
2024-10-17 15:50:22,322 [INFO] DbBoards:157 - Kit is not supported: P-NUCLEO-WB55
2024-10-17 15:50:22,326 [INFO] BoardInfo:880 - No configuration file found for board STEVAL-BFA001V1B
2024-10-17 15:50:22,326 [INFO] DbBoards:157 - Kit is not supported: STEVAL-BFA001V1B
2024-10-17 15:50:22,327 [INFO] BoardInfo:880 - No configuration file found for board STEVAL-BFA001V2B
2024-10-17 15:50:22,327 [INFO] DbBoards:157 - Kit is not supported: STEVAL-BFA001V2B
2024-10-17 15:50:22,329 [INFO] BoardInfo:880 - No configuration file found for board STEVAL-MKBOXPRO
2024-10-17 15:50:22,329 [INFO] DbBoards:157 - Board is not supported: STEVAL-MKBOXPRO
2024-10-17 15:50:22,332 [INFO] BoardInfo:880 - No configuration file found for board STEVAL-SMARTAG2
2024-10-17 15:50:22,332 [INFO] DbBoards:157 - Board is not supported: STEVAL-SMARTAG2
2024-10-17 15:50:22,414 [INFO] BoardInfo:880 - No configuration file found for board STM32H7S78-DK
2024-10-17 15:50:22,415 [INFO] DbBoards:157 - Board is not supported: STM32H7S78-DK
2024-10-17 15:50:22,432 [INFO] BoardInfo:880 - No configuration file found for board STM32MP257F-DK
2024-10-17 15:50:22,432 [INFO] DbBoards:157 - Board is not supported: STM32MP257F-DK
2024-10-17 15:50:22,433 [INFO] BoardInfo:880 - No configuration file found for board STM32MP257F-EV1
2024-10-17 15:50:22,433 [INFO] DbBoards:157 - Board is not supported: STM32MP257F-EV1
2024-10-17 15:50:22,434 [INFO] BoardInfo:880 - No configuration file found for board STM32U083C-DK
2024-10-17 15:50:22,434 [INFO] DbBoards:157 - Board is not supported: STM32U083C-DK
2024-10-17 15:50:22,437 [INFO] BoardInfo:880 - No configuration file found for board STM32U5G9J-DK1
2024-10-17 15:50:22,437 [INFO] DbBoards:157 - Board is not supported: STM32U5G9J-DK1
2024-10-17 15:50:22,438 [INFO] BoardInfo:880 - No configuration file found for board STM32U5G9J-DK2
2024-10-17 15:50:22,438 [INFO] DbBoards:157 - Board is not supported: STM32U5G9J-DK2
2024-10-17 15:50:22,440 [INFO] BoardInfo:880 - No configuration file found for board STM32WBA55G-DK1
2024-10-17 15:50:22,440 [INFO] DbBoards:157 - Board is not supported: STM32WBA55G-DK1
2024-10-17 15:50:22,441 [INFO] DbBoards:161 - Found 200 boards, 180 are supported
2024-10-17 15:50:22,443 [INFO] ApiDb:423 - Load user favorites file /home/gllekk/.stm32cubeide/favorites.boards.txt: 1 item(s)
2024-10-17 15:50:22,443 [INFO] ApiDb:427 - User favorites Boards=[STM32F3DISCOVERY]
2024-10-17 15:50:22,444 [INFO] DbBoards:190 - Set 1 / 1 favorites Boards
2024-10-17 15:50:22,444 [INFO] McuFinderGlobals:66 - Set McuFinderConnectedMode to true
2024-10-17 15:50:22,450 [INFO] MultiScanPanel:200 - Auto-refresh data requested => check proxy status ongoing
2024-10-17 15:50:22,452 [INFO] FinderPluginLoader:95 - Searching for filters in installed packs
2024-10-17 15:50:23,690 [INFO] LoadUrlFilesThread:185 - End of LoadServerUrlFiles without Thread
2024-10-17 15:50:23,767 [INFO] DetailPanel:341 - Set advertising image to /home/gllekk/STM32Cube/Repository//en.prom-stm32c071-usb-memories-mcu-finder.png
2024-10-17 15:50:28,509 [ERROR] LogOutputStream:75 - [STDERR_REDIRECT] SLF4J: Failed to load class "org.slf4j.impl.StaticLoggerBinder".
2024-10-17 15:50:28,509 [ERROR] LogOutputStream:75 - [STDERR_REDIRECT] SLF4J: Defaulting to no-operation (NOP) logger implementation
2024-10-17 15:50:28,510 [ERROR] LogOutputStream:75 - [STDERR_REDIRECT] SLF4J: See http://www.slf4j.org/codes.html#StaticLoggerBinder for further details.
2024-10-17 15:50:29,756 [INFO] McuFinderGlobals:66 - Set McuFinderConnectedMode to true
2024-10-17 15:50:30,062 [INFO] ApiDb:448 - Save user favorites file /home/gllekk/.stm32cubeide/favorites.mcus.txt: 2 item(s)
2024-10-17 15:50:30,063 [INFO] ApiDb:452 - User favorites MCUs=[STM32F303C6T6, STM32F303VCT6]
2024-10-17 15:50:36,573 [INFO] MainUpdater:2854 - connection check result : 10
2024-10-17 15:50:36,678 [INFO] McuFinderGlobals:66 - Set McuFinderConnectedMode to true
2024-10-17 15:50:36,679 [INFO] MultiScanPanel:200 - Auto-refresh data requested => check proxy status ongoing
2024-10-17 15:50:36,679 [INFO] FinderPluginLoader:95 - Searching for filters in installed packs
2024-10-17 15:50:37,722 [INFO] LoadUrlFilesThread:185 - End of LoadServerUrlFiles without Thread
2024-10-17 15:50:37,722 [INFO] DetailPanel:341 - Set advertising image to /home/gllekk/STM32Cube/Repository//en.prom-stm32c071-usb-memories-mcu-finder.png
2024-10-17 15:51:04,801 [INFO] MainUpdater:2854 - connection check result : 10
2024-10-17 15:51:04,977 [INFO] McuFinderGlobals:66 - Set McuFinderConnectedMode to true
2024-10-17 15:51:04,977 [INFO] MultiScanPanel:200 - Auto-refresh data requested => check proxy status ongoing
2024-10-17 15:51:04,978 [INFO] FinderPluginLoader:95 - Searching for filters in installed packs
2024-10-17 15:51:06,304 [INFO] LoadUrlFilesThread:185 - End of LoadServerUrlFiles without Thread
2024-10-17 15:51:06,304 [INFO] DetailPanel:341 - Set advertising image to /home/gllekk/STM32Cube/Repository//en.prom-stm32c071-usb-memories-mcu-finder.png
2024-10-17 15:51:23,183 [INFO] MultiScanPanel:200 - Auto-refresh data requested => check proxy status ongoing
2024-10-17 15:51:23,314 [INFO] LoadUrlFilesThread:185 - End of LoadServerUrlFiles without Thread
2024-10-17 15:51:23,314 [INFO] DetailPanel:341 - Set advertising image to /home/gllekk/STM32Cube/Repository//en.prom-stm32c071-usb-memories-mcu-finder.png
2024-10-17 15:51:30,914 [INFO] BoardResultTable:719 - Unmark Board STM32F3DISCOVERY as favorite
2024-10-17 15:51:32,454 [INFO] BoardResultTable:719 - Mark Board STM32F3DISCOVERY as favorite
2024-10-17 15:52:19,624 [INFO] MainUpdater:2854 - connection check result : 10
2024-10-17 15:52:19,624 [INFO] MainUpdater:2854 - connection check result : 10
2024-10-17 15:52:19,636 [INFO] MicroXplorer:468 - Change Database Path : 
2024-10-17 15:52:19,636 [INFO] MicroXplorer:498 - Change Database Version : DB.6.0.80
2024-10-17 15:52:19,636 [WARN] ThirdParty:871 - waiting for thirdparty lock release [close project]
2024-10-17 15:52:19,636 [INFO] ThirdParty:873 - entering critical section [close project]
2024-10-17 15:52:19,637 [INFO] ThirdParty:883 - exiting critical section [close project]
2024-10-17 15:52:19,638 [INFO] PinOutPanel:1499 - setPackage(No Configuration,No Configuration)
2024-10-17 15:52:19,642 [INFO] UtilMem:75 - Begin LoadConfig() Used Memory: 600514160 Bytes (808452096)
2024-10-17 15:52:19,645 [INFO] OpenFileManager:308 - Change cursor
2024-10-17 15:52:19,671 [INFO] ProjectFactory:402 - No CPN specified for board STM32F3DISCOVERY => set CPN to STM32F303VCT6
2024-10-17 15:52:19,673 [INFO] Mcu:1937 - Initializing MCU STM32F303V(B-C)Tx STM32F303VCTx STM32F303VCT6
2024-10-17 15:52:21,274 [INFO] Context:659 - Trying to add GPIOservice into a context  which must be forbidden
2024-10-17 15:52:21,803 [INFO] Rule:228 - rule 117617 - U5Cobra4M][GTZC] default value MPCBB3 and MPCBB5 - Not Secured memory - MPCBB1 is applicable
2024-10-17 15:52:21,803 [INFO] Rule:228 - rule 117617 - U5Cobra4M][GTZC] default value MPCBB3 and MPCBB5 - Not Secured memory - MPCBB1 is applicable
2024-10-17 15:52:21,803 [INFO] Rule:228 - rule 117617 - U5Cobra4M][GTZC] default value MPCBB3 and MPCBB5 - Not Secured memory - MPCBB2 is applicable
2024-10-17 15:52:21,804 [INFO] Rule:228 - rule 117617 - U5Cobra4M][GTZC] default value MPCBB3 and MPCBB5 - Not Secured memory - MPCBB2 is applicable
2024-10-17 15:52:21,804 [INFO] Rule:228 - rule 117617 - U5Cobra4M][GTZC] default value MPCBB3 and MPCBB5 - Not Secured memory - MPCBB3 is applicable
2024-10-17 15:52:21,804 [INFO] Rule:228 - rule 117617 - U5Cobra4M][GTZC] default value MPCBB3 and MPCBB5 - Not Secured memory - MPCBB3 is applicable
2024-10-17 15:52:21,804 [INFO] Rule:228 - rule 117617 - U5Cobra4M][GTZC] default value MPCBB3 and MPCBB5 - Not Secured memory - MPCBB4 is applicable
2024-10-17 15:52:21,804 [INFO] Rule:228 - rule 117617 - U5Cobra4M][GTZC] default value MPCBB3 and MPCBB5 - Not Secured memory - MPCBB4 is applicable
2024-10-17 15:52:21,804 [INFO] Rule:228 - rule 117617 - U5Cobra4M][GTZC] default value MPCBB3 and MPCBB5 - Secured memory - MPCBB1 is applicable
2024-10-17 15:52:21,804 [INFO] Rule:228 - rule 117617 - U5Cobra4M][GTZC] default value MPCBB3 and MPCBB5 - Secured memory - MPCBB2 is applicable
2024-10-17 15:52:21,804 [INFO] Rule:228 - rule 117617 - U5Cobra4M][GTZC] default value MPCBB3 and MPCBB5 - Secured memory - MPCBB3 is applicable
2024-10-17 15:52:21,804 [INFO] Rule:228 - rule 117617 - U5Cobra4M][GTZC] default value MPCBB3 and MPCBB5 - Secured memory - MPCBB4 is applicable
2024-10-17 15:52:21,804 [INFO] Rule:228 - rule 117617 - U5Cobra4M][GTZC] default value MPCBB3 and MPCBB5 - Privileged memory - MPCBB1 is applicable
2024-10-17 15:52:21,804 [INFO] Rule:228 - rule 117617 - U5Cobra4M][GTZC] default value MPCBB3 and MPCBB5 - Privileged memory - MPCBB2 is applicable
2024-10-17 15:52:21,804 [INFO] Rule:228 - rule 117617 - U5Cobra4M][GTZC] default value MPCBB3 and MPCBB5 - Privileged memory - MPCBB3 is applicable
2024-10-17 15:52:21,805 [INFO] Rule:228 - rule 117617 - U5Cobra4M][GTZC] default value MPCBB3 and MPCBB5 - Privileged memory - MPCBB4 is applicable
2024-10-17 15:52:21,805 [INFO] Rule:228 - rule 117617 - U5Cobra4M][GTZC] default value MPCBB3 and MPCBB5 - Not Privileged memory - MPCBB1 is applicable
2024-10-17 15:52:21,805 [INFO] Rule:228 - rule 117617 - U5Cobra4M][GTZC] default value MPCBB3 and MPCBB5 - Not Privileged memory - MPCBB2 is applicable
2024-10-17 15:52:21,805 [INFO] Rule:228 - rule 117617 - U5Cobra4M][GTZC] default value MPCBB3 and MPCBB5 - Not Privileged memory - MPCBB3 is applicable
2024-10-17 15:52:21,805 [INFO] Rule:228 - rule 117617 - U5Cobra4M][GTZC] default value MPCBB3 and MPCBB5 - Not Privileged memory - MPCBB4 is applicable
2024-10-17 15:52:21,805 [INFO] Rule:228 - rule 117617 - U5Cobra4M][GTZC] default value MPCBB3 and MPCBB5 - Privileged memory - MPCBB1 is applicable
2024-10-17 15:52:21,805 [INFO] Rule:228 - rule 117617 - U5Cobra4M][GTZC] default value MPCBB3 and MPCBB5 - Privileged memory - MPCBB2 is applicable
2024-10-17 15:52:21,805 [INFO] Rule:228 - rule 117617 - U5Cobra4M][GTZC] default value MPCBB3 and MPCBB5 - Privileged memory - MPCBB3 is applicable
2024-10-17 15:52:21,805 [INFO] Rule:228 - rule 117617 - U5Cobra4M][GTZC] default value MPCBB3 and MPCBB5 - Privileged memory - MPCBB4 is applicable
2024-10-17 15:52:21,805 [INFO] Rule:228 - rule 117617 - U5Cobra4M][GTZC] default value MPCBB3 and MPCBB5 - Privileged memory - MPCBB1 is applicable
2024-10-17 15:52:21,805 [INFO] Rule:228 - rule 117617 - U5Cobra4M][GTZC] default value MPCBB3 and MPCBB5 - Privileged memory - MPCBB2 is applicable
2024-10-17 15:52:21,805 [INFO] Rule:228 - rule 117617 - U5Cobra4M][GTZC] default value MPCBB3 and MPCBB5 - Privileged memory - MPCBB3 is applicable
2024-10-17 15:52:21,805 [INFO] Rule:228 - rule 117617 - U5Cobra4M][GTZC] default value MPCBB3 and MPCBB5 - Privileged memory - MPCBB4 is applicable
2024-10-17 15:52:21,806 [INFO] Rule:228 - rule 117617 - U5Cobra4M][GTZC] default value MPCBB3 and MPCBB5 - Not Privileged memory - MPCBB1 is applicable
2024-10-17 15:52:21,806 [INFO] Rule:228 - rule 117617 - U5Cobra4M][GTZC] default value MPCBB3 and MPCBB5 - Not Privileged memory - MPCBB2 is applicable
2024-10-17 15:52:21,806 [INFO] Rule:228 - rule 117617 - U5Cobra4M][GTZC] default value MPCBB3 and MPCBB5 - Not Privileged memory - MPCBB3 is applicable
2024-10-17 15:52:21,806 [INFO] Rule:228 - rule 117617 - U5Cobra4M][GTZC] default value MPCBB3 and MPCBB5 - Not Privileged memory - MPCBB4 is applicable
2024-10-17 15:52:21,806 [INFO] Rule:228 - rule 117617 - U5Cobra4M][GTZC] default value MPCBB3 and MPCBB5 - Privileged memory - MPCBB1 is applicable
2024-10-17 15:52:21,806 [INFO] Rule:228 - rule 117617 - U5Cobra4M][GTZC] default value MPCBB3 and MPCBB5 - Privileged memory - MPCBB2 is applicable
2024-10-17 15:52:21,806 [INFO] Rule:228 - rule 117617 - U5Cobra4M][GTZC] default value MPCBB3 and MPCBB5 - Privileged memory - MPCBB3 is applicable
2024-10-17 15:52:21,806 [INFO] Rule:228 - rule 117617 - U5Cobra4M][GTZC] default value MPCBB3 and MPCBB5 - Privileged memory - MPCBB4 is applicable
2024-10-17 15:52:21,806 [INFO] Rule:228 - rule Rename SubGHz_Phy SUBGHZ_APPLICATION SUBGHZ_PINGPONG to SUBGHZ_ADV_APPLICATION is applicable
2024-10-17 15:52:21,806 [INFO] Rule:228 - rule Rename Enabled to IBEACON is applicable
2024-10-17 15:52:21,806 [INFO] Rule:228 - rule GTZC_S instance for project manager is applicable
2024-10-17 15:52:21,806 [INFO] Rule:228 - rule GTZC_S instance for context M33S is applicable
2024-10-17 15:52:21,807 [INFO] Rule:228 - rule GTZC_S instance value for IP GTZC is applicable
2024-10-17 15:52:21,807 [INFO] Rule:228 - rule GTZC_S instance for mcu.IP is applicable
2024-10-17 15:52:21,807 [INFO] Rule:228 - rule GTZC_S instance for VP is applicable
2024-10-17 15:52:21,807 [INFO] Rule:228 - rule GTZC_S instance for signal is applicable
2024-10-17 15:52:21,807 [INFO] Rule:228 - rule GTZC_S instance for mcu.Pin is applicable
2024-10-17 15:52:21,807 [INFO] Rule:228 - rule GTZC_S instance for VP is applicable
2024-10-17 15:52:21,807 [INFO] Rule:228 - rule GTZC_S instance for signal is applicable
2024-10-17 15:52:21,807 [INFO] Rule:228 - rule GTZC_S instance for mcu is applicable
2024-10-17 15:52:21,807 [INFO] Rule:228 - rule GTZC_S instance for mcu.Pin is applicable
2024-10-17 15:52:21,807 [INFO] Rule:228 - rule GTZC_S instance value for IP GTZC is applicable
2024-10-17 15:52:21,807 [INFO] Rule:228 - rule GTZC_S instance for project manager is applicable
2024-10-17 15:52:21,807 [INFO] Rule:228 - rule GTZC_S instance for context M33S is applicable
2024-10-17 15:52:21,807 [INFO] Rule:228 - rule GTZC_S instance for VP is applicable
2024-10-17 15:52:21,808 [INFO] Rule:228 - rule GTZC_S instance for signal is applicable
2024-10-17 15:52:21,808 [INFO] Rule:228 - rule SPDIFRX instance for mcu is applicable
2024-10-17 15:52:21,808 [INFO] Rule:228 - rule Rename Tracer Mode is applicable
2024-10-17 15:52:21,808 [INFO] Rule:228 - rule SPDIFRX instance value for IP SPDIFRX is applicable
2024-10-17 15:52:21,808 [INFO] Rule:228 - rule SPDIFRX instance for signal is applicable
2024-10-17 15:52:21,808 [INFO] Rule:228 - rule SPDIFRX instance for project manager is applicable
2024-10-17 15:52:21,808 [INFO] Rule:228 - rule SPDIFRX instance for project manager is applicable
2024-10-17 15:52:21,808 [INFO] Rule:228 - rule ADC Scan  fix with FW F7 is applicable
2024-10-17 15:52:21,808 [INFO] Rule:228 - rule ADC Scan  fix with FW F7 is applicable
2024-10-17 15:52:21,808 [INFO] Rule:228 - rule WakeUp0 Mode is applicable
2024-10-17 15:52:21,808 [INFO] Rule:228 - rule WakeUp0 SIGNAL is applicable
2024-10-17 15:52:21,808 [INFO] Rule:228 - rule WakeUp1 Mode is applicable
2024-10-17 15:52:21,809 [INFO] Rule:228 - rule WakeUp1 SIGNAL is applicable
2024-10-17 15:52:21,809 [INFO] Rule:228 - rule WakeUp2 Mode is applicable
2024-10-17 15:52:21,809 [INFO] Rule:228 - rule WakeUp2 SIGNAL is applicable
2024-10-17 15:52:21,809 [INFO] Rule:228 - rule WakeUp4 Mode is applicable
2024-10-17 15:52:21,809 [INFO] Rule:228 - rule WakeUp4 SIGNAL is applicable
2024-10-17 15:52:21,809 [INFO] Rule:228 - rule WakeUp5 Mode is applicable
2024-10-17 15:52:21,809 [INFO] Rule:228 - rule WakeUp5 SIGNAL is applicable
2024-10-17 15:52:21,809 [INFO] Rule:228 - rule Add RTC Activate Clock Source is applicable
2024-10-17 15:52:21,809 [INFO] Rule:228 - rule Add RTC Activate Calendar 1 is applicable
2024-10-17 15:52:21,809 [INFO] Rule:228 - rule Add RTC Activate Calendar 2 is applicable
2024-10-17 15:52:21,809 [INFO] Rule:228 - rule Add RTC Activate Calendar 3 is applicable
2024-10-17 15:52:21,809 [INFO] Rule:228 - rule UART/USART TX Mode is applicable
2024-10-17 15:52:21,809 [INFO] Rule:228 - rule UART/USART RX Mode is applicable
2024-10-17 15:52:21,809 [INFO] Rule:228 - rule UART/USART RX TX Mode is applicable
2024-10-17 15:52:21,810 [INFO] Rule:228 - rule UART/USART PARITY NONE is applicable
2024-10-17 15:52:21,810 [INFO] Rule:228 - rule UART/USART PARITY EVEN is applicable
2024-10-17 15:52:21,810 [INFO] Rule:228 - rule UART/USART PARITY ODD is applicable
2024-10-17 15:52:21,810 [INFO] Rule:228 - rule USART StopBits 1 is applicable
2024-10-17 15:52:21,810 [INFO] Rule:228 - rule USART StopBits 2 is applicable
2024-10-17 15:52:21,810 [INFO] Rule:228 - rule USART StopBits 1.5 is applicable
2024-10-17 15:52:21,810 [INFO] Rule:228 - rule USART StopBits 0.5 is applicable
2024-10-17 15:52:21,810 [INFO] Rule:228 - rule UART/USART WORD LENGTH 7 is applicable
2024-10-17 15:52:21,810 [INFO] Rule:228 - rule UART/USART WORD LENGTH 8 is applicable
2024-10-17 15:52:21,810 [INFO] Rule:228 - rule UART/USART WORD LENGTH 9 is applicable
2024-10-17 15:52:21,810 [INFO] Rule:228 - rule Rename FMC NAND NCE signal is applicable
2024-10-17 15:52:21,810 [INFO] Rule:228 - rule Rename FMC NAND INT signal is applicable
2024-10-17 15:52:21,810 [INFO] Rule:228 - rule Change Default Value for LSE Drive Capability for WB family is applicable
2024-10-17 15:52:21,811 [INFO] Rule:228 - rule Change Default Value for ADC Clock Prescaler G0 family is applicable
2024-10-17 15:52:21,811 [INFO] Rule:228 - rule Change Default Value for ADC ExternalTrigConv L4 family is applicable
2024-10-17 15:52:21,811 [INFO] Rule:228 - rule Change Default Value for ADC ExternalTrigInjecConv L4 family is applicable
2024-10-17 15:52:21,811 [INFO] Rule:228 - rule Change Default Value for ADC ExternalTrigConv F3 family is applicable
2024-10-17 15:52:21,811 [INFO] Rule:228 - rule Change Default Value for ADC ExternalTrigInjecConv F3 family is applicable
2024-10-17 15:52:21,811 [INFO] Rule:228 - rule Change Default Value for ADC ExternalTrigConv Goldfish serie is applicable
2024-10-17 15:52:21,811 [INFO] Rule:228 - rule Change Default Value for ADC ExternalTrigInjecConv Goldfish serie is applicable
2024-10-17 15:52:21,811 [INFO] Rule:228 - rule Change Default Value for ADC ExternalTrigConv L0 family is applicable
2024-10-17 15:52:21,811 [INFO] Rule:228 - rule Change Default Value for ADC ExternalTrigConv F0 family is applicable
2024-10-17 15:52:21,811 [INFO] Rule:228 - rule Change Default Value for ADC ExternalTrigConvn L1 family is applicable
2024-10-17 15:52:21,811 [INFO] Rule:228 - rule Change Default Value for ADC ExternalTrigInjecConv L1 family is applicable
2024-10-17 15:52:21,811 [INFO] Rule:228 - rule Change Default Value for ADC ExternalTrigConv F1 family is applicable
2024-10-17 15:52:21,811 [INFO] Rule:228 - rule Change Default Value for ADC ExternalTrigInjecConv F1 family is applicable
2024-10-17 15:52:21,812 [INFO] Rule:228 - rule Change Default Value for ADC ExternalTrigConv F7 family is applicable
2024-10-17 15:52:21,812 [INFO] Rule:228 - rule Change Default Value for ADC ExternalTrigInjecConv F7 family is applicable
2024-10-17 15:52:21,812 [INFO] Rule:228 - rule Change Default Value for ADC ExternalTrigConv F4 and F2 family is applicable
2024-10-17 15:52:21,812 [INFO] Rule:228 - rule Change Default Value for ADC ExternalTrigInjecConv F4 and F2 family is applicable
2024-10-17 15:52:21,812 [INFO] Rule:228 - rule ADC SamplingTime fix with FW L0  is applicable
2024-10-17 15:52:21,812 [INFO] Rule:228 - rule ADC SamplingTime fix with FW L0  is applicable
2024-10-17 15:52:21,812 [INFO] Rule:228 - rule ADC SamplingTime fix with FW L0 is applicable
2024-10-17 15:52:21,812 [INFO] Rule:228 - rule ADC SamplingTime fix with FW L0 is applicable
2024-10-17 15:52:21,812 [INFO] Rule:228 - rule ADC SamplingTime fix with FW L0  is applicable
2024-10-17 15:52:21,812 [INFO] Rule:228 - rule ADC SamplingTime fix with FW L0 is applicable
2024-10-17 15:52:21,812 [INFO] Rule:228 - rule Rename USB_OE Signal is applicable
2024-10-17 15:52:21,812 [INFO] Rule:228 - rule Rename Activate_OE Mode is applicable
2024-10-17 15:52:21,813 [INFO] Rule:228 - rule Rename DIE462/DIE415 pin PC14/OSC32_IN -> PC14-OSC32_IN (PC14) is applicable
2024-10-17 15:52:21,813 [INFO] Rule:228 - rule Rename DIE462/DIE415 pin PC15/OSC32_OUT -> PC15-OSC32_OUT (PC15) is applicable
2024-10-17 15:52:21,813 [INFO] Rule:228 - rule Rename DIE462/DIE415 pin PH0/OSC_IN -> PH0-OSC_IN (PH0) is applicable
2024-10-17 15:52:21,813 [INFO] Rule:228 - rule Rename DIE462/DIE415 pin PH1/OSC_OUT -> PH1-OSC_OUT (PH1) is applicable
2024-10-17 15:52:21,813 [INFO] Rule:228 - rule Rename DIE462 pin PA13 -> PA13 (JTMS/SWDIO) is applicable
2024-10-17 15:52:21,813 [INFO] Rule:228 - rule Rename DIE415 pin PA13 -> PA13 (JTMS/SWDIO) is applicable
2024-10-17 15:52:21,813 [INFO] Rule:228 - rule Rename DIE462 pin PA14 -> PA14 (JTCK/SWCLK) is applicable
2024-10-17 15:52:21,813 [INFO] Rule:228 - rule Rename DIE415 pin PA14 -> PA14 (JTCK/SWCLK) is applicable
2024-10-17 15:52:21,813 [INFO] Rule:228 - rule Rename DIE462/DIE415 pin PA15 -> PA15 (JTDI) is applicable
2024-10-17 15:52:21,813 [INFO] Rule:228 - rule Rename DIE462 pin PB3 -> PB3 (JTD0/TRACESWO) is applicable
2024-10-17 15:52:21,813 [INFO] Rule:228 - rule Rename DIE415 pin PB3 -> PB3 (JTD0-TRACESWO) is applicable
2024-10-17 15:52:21,813 [INFO] Rule:228 - rule Rename DIE462/DIE415 pin PB4 -> PB4 (NJTRST) is applicable
2024-10-17 15:52:21,813 [INFO] Rule:228 - rule Rename DIE462 pin PH3/BOOT0 -> PH3-BOOT0 (BOOT0) is applicable
2024-10-17 15:52:21,813 [INFO] Rule:228 - rule Rename CRYP DataEncryptionTypesList to Algorithm is applicable
2024-10-17 15:52:21,813 [INFO] Rule:228 - rule Rename AES DataEncryptionTypesList to Algorithm is applicable
2024-10-17 15:52:21,813 [INFO] Rule:228 - rule Rename TDESECB to CRYP_TDES_ECB is applicable
2024-10-17 15:52:21,813 [INFO] Rule:228 - rule Rename TDESCBC to CRYP_TDES_CBC is applicable
2024-10-17 15:52:21,813 [INFO] Rule:228 - rule Rename DESECB to CRYP_DES_ECB is applicable
2024-10-17 15:52:21,814 [INFO] Rule:228 - rule Rename DESCBC to CRYP_DES_CBC is applicable
2024-10-17 15:52:21,814 [INFO] Rule:228 - rule Rename AESECB to CRYP_AES_ECB is applicable
2024-10-17 15:52:21,814 [INFO] Rule:228 - rule Rename AESCBC to CRYP_AES_CBC is applicable
2024-10-17 15:52:21,814 [INFO] Rule:228 - rule Rename AESCTR to CRYP_AES_CTR is applicable
2024-10-17 15:52:21,814 [INFO] Rule:228 - rule Rename AESGCM to CRYP_AES_GCM is applicable
2024-10-17 15:52:21,814 [INFO] Rule:228 - rule Rename AESCCM to CRYP_AES_CCM is applicable
2024-10-17 15:52:21,814 [INFO] Rule:228 - rule Rename CAN TimeSeg1 to BS1 is applicable
2024-10-17 15:52:21,814 [INFO] Rule:228 - rule Rename CAN TimeSeg2 to BS2 is applicable
2024-10-17 15:52:21,814 [INFO] Rule:228 - rule Rename CAN SyncJumpWidth to SJW is applicable
2024-10-17 15:52:21,814 [INFO] Rule:228 - rule TimeTriggeredMode to TTCM is applicable
2024-10-17 15:52:21,814 [INFO] Rule:228 - rule Rename CAN AutoBusOff to ABOM is applicable
2024-10-17 15:52:21,814 [INFO] Rule:228 - rule Rename CAN AutoWakeUp to AWUM is applicable
2024-10-17 15:52:21,814 [INFO] Rule:228 - rule Rename CAN AutoRetransmission to NART is applicable
2024-10-17 15:52:21,814 [INFO] Rule:228 - rule Rename CAN ReceiveFifoLocked to RFLM is applicable
2024-10-17 15:52:21,814 [INFO] Rule:228 - rule Rename CAN TransmitFifoPriority to TXFP is applicable
2024-10-17 15:52:21,814 [INFO] Rule:228 - rule Rename HRTIMER HRTIM_OUTPUTFAULTLEVEL_HIGH in HRTIMER HRTIM_OUTPUTFAULTLEVEL_HIGHZ is applicable
2024-10-17 15:52:21,814 [INFO] Rule:228 - rule Rename TIMER TIM_CLEARINPUTSOURCE_OCREFCLR in  TIMER TIM_CLEARINPUTSOURCE_NONE for F7 family is applicable
2024-10-17 15:52:21,814 [INFO] Rule:228 - rule FDCAN_R1 - Rename FDCAN mode Master into Classic is applicable
2024-10-17 15:52:21,814 [INFO] Rule:228 - rule FDCAN_R2 - Rename FDCAN mode Slave into Classic is applicable
2024-10-17 15:52:21,814 [INFO] Rule:228 - rule FDCAN1_R3 - if PA10.Mode=FullDuplex, add Pin PA12 is applicable
2024-10-17 15:52:21,814 [INFO] Rule:228 - rule FDCAN1_R3 - if PA9.Mode=FullDuplex, add Pin PA11 is applicable
2024-10-17 15:52:21,815 [INFO] Rule:228 - rule FDCAN1_R3 - Alternatepin_1 - if PE1.Mode=FullDuplex, add Pin PB9 is applicable
2024-10-17 15:52:21,815 [INFO] Rule:228 - rule FDCAN1_R3 - Alternatepin_1 - if PE0.Mode=FullDuplex, add Pin PB8 is applicable
2024-10-17 15:52:21,815 [INFO] Rule:228 - rule FDCAN1_R3 - Alternatepin_2 - if PD5.Mode=FullDuplex, add Pin PD1 is applicable
2024-10-17 15:52:21,815 [INFO] Rule:228 - rule FDCAN1_R3 - Alternatepin_2 - if PD4.Mode=FullDuplex, add Pin PD0 is applicable
2024-10-17 15:52:21,815 [INFO] Rule:228 - rule FDCAN1_R4 - Rename Mode FullDuplex into Enable FDCAN_TXFD for pin PA10 is applicable
2024-10-17 15:52:21,815 [INFO] Rule:228 - rule FDCAN1_R4 - Rename Mode FullDuplex into Enable FDCAN_TXFD for pin PA9 is applicable
2024-10-17 15:52:21,815 [INFO] Rule:228 - rule FDCAN1_R4 - Alternatepin_1 - Rename Mode FullDuplex into Enable FDCAN_TXFD for pin PE1 is applicable
2024-10-17 15:52:21,815 [INFO] Rule:228 - rule FDCAN1_R4 - Alternatepin_1 - Rename Mode FullDuplex into Enable FDCAN_TXFD for pin PE0 is applicable
2024-10-17 15:52:21,815 [INFO] Rule:228 - rule FDCAN1_R4 - Alternatepin_2 - Rename Mode FullDuplex into Enable FDCAN_TXFD for pin PD5 is applicable
2024-10-17 15:52:21,815 [INFO] Rule:228 - rule FDCAN1_R4 - Alternatepin_2 - Rename Mode FullDuplex into Enable FDCAN_TXFD for pin PD4 is applicable
2024-10-17 15:52:21,815 [INFO] Rule:228 - rule FDCAN2_R3 - if PD10.Mode=FullDuplex, add Pin PB13 is applicable
2024-10-17 15:52:21,815 [INFO] Rule:228 - rule FDCAN2_R3 - if PD9.Mode=FullDuplex, add Pin PB12 is applicable
2024-10-17 15:52:21,815 [INFO] Rule:228 - rule FDCAN2_R3 - Alternatepin_1 - if PB7.Mode=FullDuplex, add Pin PB6 is applicable
2024-10-17 15:52:21,815 [INFO] Rule:228 - rule FDCAN2_R3 - Alternatepin_1 - if PD9.Mode=FullDuplex, add Pin PB12 is applicable
2024-10-17 15:52:21,815 [INFO] Rule:228 - rule FDCAN2_R4 - Rename Mode FullDuplex into Enable FDCAN_TXFD for pin PD10 is applicable
2024-10-17 15:52:21,815 [INFO] Rule:228 - rule FDCAN2_R4 - Rename Mode FullDuplex into Enable FDCAN_TXFD for pin PD9 is applicable
2024-10-17 15:52:21,815 [INFO] Rule:228 - rule FDCAN2_R4 - Alternatepin_1 - Rename Mode FullDuplex into Enable FDCAN_TXFD for pin PB7 is applicable
2024-10-17 15:52:21,815 [INFO] Rule:228 - rule FDCAN2_R4 - Alternatepin_1 - Rename Mode FullDuplex into Enable FDCAN_TXFD for pin PD6 is applicable
2024-10-17 15:52:21,816 [INFO] Rule:228 - rule USART TxPinLevelInvertParam Mode is applicable
2024-10-17 15:52:21,816 [INFO] Rule:228 - rule USART RxPinLevelInvertParam Mode is applicable
2024-10-17 15:52:21,816 [INFO] Rule:228 - rule USART DataInvertParam Mode is applicable
2024-10-17 15:52:21,816 [INFO] Rule:228 - rule USART SwapParam Mode is applicable
2024-10-17 15:52:21,816 [INFO] Rule:228 - rule USART OverrunDisableParam Mode is applicable
2024-10-17 15:52:21,816 [INFO] Rule:228 - rule USART DMADisableonRxErrorParam Mode is applicable
2024-10-17 15:52:21,816 [INFO] Rule:228 - rule USART MSBFirstParam Mode is applicable
2024-10-17 15:52:21,816 [INFO] Rule:228 - rule Update MwName for USB_DEVICE is applicable
2024-10-17 15:52:21,816 [INFO] Rule:228 - rule Change PWR_Regulator_Voltage_Scale Default Value for RCC  H7 family is applicable
2024-10-17 15:52:21,816 [INFO] Rule:228 - rule UART/USART IPParameter rename Prescaler parameter to ClockPrescaler is applicable
2024-10-17 15:52:21,816 [INFO] Rule:228 - rule UART/USART Prescaler rename Prescaler parameter to ClockPrescaler is applicable
2024-10-17 15:52:21,816 [INFO] Rule:228 - rule TIM1CLockSelection is applicable
2024-10-17 15:52:21,816 [INFO] Rule:228 - rule TIM15CLockSelection is applicable
2024-10-17 15:52:21,816 [INFO] Rule:228 - rule align RCC SDMMC3CLockSelection default value on MP1 is applicable
2024-10-17 15:52:21,816 [INFO] Rule:228 - rule align RCC SDMMC12CLockSelection default value on MP1 is applicable
2024-10-17 15:52:21,816 [INFO] Rule:228 - rule align RCC QSPICLockSelection default value on MP1 is applicable
2024-10-17 15:52:21,816 [INFO] Rule:228 - rule align RCC QSPICLockSelection default value on MP1 is applicable
2024-10-17 15:52:21,816 [INFO] Rule:228 - rule align RCC SPI6CLockSelection default value on MP1 is applicable
2024-10-17 15:52:21,816 [INFO] Rule:228 - rule align RCC LPTIM23CLockSelection default value on MP1 is applicable
2024-10-17 15:52:21,817 [INFO] Rule:228 - rule align RCC LPTIM1CLockSelection default value on MP1 is applicable
2024-10-17 15:52:21,817 [INFO] Rule:228 - rule align RCC USART1CLockSelection default value on MP1 is applicable
2024-10-17 15:52:21,817 [INFO] Rule:228 - rule align RCC USART24CLockSelection default value on MP1 is applicable
2024-10-17 15:52:21,817 [INFO] Rule:228 - rule align RCC USART6CLockSelection default value on MP1 is applicable
2024-10-17 15:52:21,817 [INFO] Rule:228 - rule align RCC UART78CLockSelection default value on MP1 is applicable
2024-10-17 15:52:21,817 [INFO] Rule:228 - rule align RCC USART35CLockSelection default value on MP1 is applicable
2024-10-17 15:52:21,817 [INFO] Rule:228 - rule align RCC SPI45CLockSelection default value on MP1 is applicable
2024-10-17 15:52:21,817 [INFO] Rule:228 - rule align RCC I2C46CLockSelection BCLK value on MP1 is applicable
2024-10-17 15:52:21,817 [INFO] Rule:228 - rule align RCC SPI45CLockSelection default value on MP1 is applicable
2024-10-17 15:52:21,817 [INFO] Rule:228 - rule align RCC I2C12CLockSelection default value on MP1 is applicable
2024-10-17 15:52:21,817 [INFO] Rule:228 - rule align RCC I2C35CLockSelection default value on MP1 is applicable
2024-10-17 15:52:21,817 [INFO] Rule:228 - rule align RCC LPTIM45CLockSelection default value on MP1 is applicable
2024-10-17 15:52:21,818 [INFO] Rule:228 - rule Rename DCMI PIXCK signal is applicable
2024-10-17 15:52:21,818 [INFO] Rule:228 - rule Change Default Value for I2C46CLockSelection MP1 family is applicable
2024-10-17 15:52:21,818 [INFO] Rule:228 - rule Change Default Value for UART for G4, G0 and WB families is applicable
2024-10-17 15:52:21,818 [INFO] Rule:228 - rule Change Default Value for USART for G4, G0 and WB families is applicable
2024-10-17 15:52:21,818 [INFO] Rule:228 - rule Change Default Value for USART for G4 family is applicable
2024-10-17 15:52:21,818 [INFO] Rule:228 - rule Change USART1CLockSelection refparam name for MP1 is applicable
2024-10-17 15:52:21,818 [INFO] Rule:228 - rule Change USART2CLockSelection refparam name for MP1 is applicable
2024-10-17 15:52:21,818 [INFO] Rule:228 - rule Change USART3CLockSelection refparam name for MP1 is applicable
2024-10-17 15:52:21,818 [INFO] Rule:228 - rule Change UART4CLockSelection refparam name for MP1 is applicable
2024-10-17 15:52:21,818 [INFO] Rule:228 - rule Change UART5CLockSelection refparam name for MP1 is applicable
2024-10-17 15:52:21,818 [INFO] Rule:228 - rule Change LPUART1CLockSelection refparam name for MP1 is applicable
2024-10-17 15:52:21,818 [INFO] Rule:228 - rule Change LPTIM1CLockSelection refparam name for MP1 is applicable
2024-10-17 15:52:21,818 [INFO] Rule:228 - rule Change LPTIM2CLockSelection refparam name for MP1 is applicable
2024-10-17 15:52:21,819 [INFO] Rule:228 - rule Change RCC_MCO1Source refparam name for MP1 is applicable
2024-10-17 15:52:21,819 [INFO] Rule:228 - rule Change LSCOSource1 refparam name for MP1 is applicable
2024-10-17 15:52:21,819 [INFO] Rule:228 - rule Change SMPSCLockSelection refparam name for MP1 is applicable
2024-10-17 15:52:21,819 [INFO] Rule:228 - rule Change LPTIM3CLockSelection refparam name for MP1 is applicable
2024-10-17 15:52:21,819 [INFO] Rule:228 - rule Change MPCBB* Default Template Mode to Parameters is applicable
2024-10-17 15:52:21,819 [INFO] Rule:228 - rule Change MPCWM* or MPCBB* Secure Mode to Parameters is applicable
2024-10-17 15:52:21,819 [INFO] Rule:228 - rule Change MPCWM* or MPCBB* No Secure Mode to Parameters is applicable
2024-10-17 15:52:21,819 [INFO] Rule:228 - rule Change TZSC IP Secure Mode to Parameters is applicable
2024-10-17 15:52:21,819 [INFO] Rule:228 - rule Change TZSC IP No Secure Mode to Parameters is applicable
2024-10-17 15:52:21,819 [INFO] Rule:228 - rule Change TZSC IP Privilege Mode to Parameters is applicable
2024-10-17 15:52:21,819 [INFO] Rule:228 - rule Change TZSC IP No Privilege Mode to Parameters is applicable
2024-10-17 15:52:21,820 [INFO] Rule:228 - rule Change TZIC IT Secure Mode to Parameters is applicable
2024-10-17 15:52:21,820 [INFO] Rule:228 - rule Change TZIC IT No Secure Mode to Parameters is applicable
2024-10-17 15:52:21,820 [INFO] Rule:228 - rule Add MPCBB1_NonSecureArea_Start_Address value with referenced to MPCBB1_NonSecureArea_Start value is applicable
2024-10-17 15:52:21,820 [INFO] Rule:228 - rule Add MPCBB2_NonSecureArea_Start_Address value with referenced to MPCBB2_NonSecureArea_Start value is applicable
2024-10-17 15:52:21,820 [INFO] Rule:228 - rule Add MPCWM1_NonSecureArea*_Start_Address value with referenced to MPCWM1_NonSecureArea*_Start value is applicable
2024-10-17 15:52:21,820 [INFO] Rule:228 - rule Add MPCWM2_NonSecureArea*_Start_Address value with referenced to MPCWM2_NonSecureArea*_Start value is applicable
2024-10-17 15:52:21,820 [INFO] Rule:228 - rule Add MPCWM3_NonSecureArea_Start_Address value with referenced to MPCWM3_NonSecureArea_Start value is applicable
2024-10-17 15:52:21,820 [INFO] Rule:228 - rule Change Default Value for PLL1UserDefinedConfig is applicable
2024-10-17 15:52:21,820 [INFO] Rule:228 - rule Change GPIO_PuPd Default Value for USART in async mode is applicable
2024-10-17 15:52:21,820 [INFO] Rule:228 - rule Change SMPSDivider Default Value is applicable
2024-10-17 15:52:21,820 [INFO] Rule:228 - rule OPAMP is applicable
2024-10-17 15:52:21,820 [INFO] Rule:228 - rule LPUART IPParameter rename Prescaler parameter to ClockPrescaler for STM32H7 is applicable
2024-10-17 15:52:21,821 [INFO] Rule:228 - rule LPUART IPParameter rename Prescaler parameter to ClockPrescaler for STM32H7 is applicable
2024-10-17 15:52:21,821 [INFO] Rule:228 - rule LPUART IPParameter rename Prescaler parameter to ClockPrescaler for STM32WB is applicable
2024-10-17 15:52:21,821 [INFO] Rule:228 - rule LPUART IPParameter rename Prescaler parameter to ClockPrescaler for STM32WB is applicable
2024-10-17 15:52:21,821 [INFO] Rule:228 - rule LPUART IPParameter rename Prescaler parameter to ClockPrescaler for STM32G4 is applicable
2024-10-17 15:52:21,821 [INFO] Rule:228 - rule LPUART IPParameter rename Prescaler parameter to ClockPrescaler for STM32G4 is applicable
2024-10-17 15:52:21,821 [INFO] Rule:228 - rule LPUART IPParameter rename Prescaler parameter to ClockPrescaler for STM32L5 is applicable
2024-10-17 15:52:21,821 [INFO] Rule:228 - rule LPUART IPParameter rename Prescaler parameter to ClockPrescaler for STM32L5 is applicable
2024-10-17 15:52:21,821 [INFO] Rule:228 - rule LPUART IPParameter rename Prescaler parameter to ClockPrescaler for STM32G4 is applicable
2024-10-17 15:52:21,821 [INFO] Rule:228 - rule LPUART IPParameter rename Prescaler parameter to ClockPrescaler for STM32G4 is applicable
2024-10-17 15:52:21,821 [INFO] Rule:228 - rule USB device lib V2.5.3 for L0 rename USBD_SUPPORT_USER_STRING parameter to USBD_SUPPORT_USER_STRING_DESC4 is applicable
2024-10-17 15:52:21,821 [INFO] Rule:228 - rule I2SCLockSelection clock entry align is applicable
2024-10-17 15:52:21,821 [INFO] Rule:228 - rule Assign TIMx context if used as SYS timebase is applicable
2024-10-17 15:52:21,821 [INFO] Rule:228 - rule Change GPIO_Pu Default Value for I2C is applicable
2024-10-17 15:52:21,821 [INFO] Rule:228 - rule Change GPIO_Pu Default Value for SMBus is applicable
2024-10-17 15:52:21,821 [INFO] Rule:228 - rule change FDCAN default value is applicable
2024-10-17 15:52:21,821 [INFO] Rule:228 - rule Change mode sai is applicable
2024-10-17 15:52:21,821 [INFO] Rule:228 - rule **Change sai mode is applicable
2024-10-17 15:52:21,858 [INFO] DbConfProperties:307 - Apply Compatibility (41/258 Rules)
2024-10-17 15:52:21,872 [INFO] ImportTextPane:194 - (OptionalMessage_ERROR) Unable to find key (Mcu.ThirdPartyNb) in loaded IOC file
2024-10-17 15:52:21,951 [INFO] RtosManager:555 - Registered RTOS mode: class=CMSIS, group=RTOS, mode=CMSIS_V1, owner=FREERTOS
2024-10-17 15:52:21,951 [INFO] RtosManager:555 - Registered RTOS mode: class=CMSIS, group=RTOS2, mode=CMSIS_V2, owner=FREERTOS
2024-10-17 15:52:21,952 [INFO] RtosManager:555 - Registered RTOS mode: class=RTOS, group=Core, mode=CMSIS_V1, owner=FREERTOS
2024-10-17 15:52:21,952 [INFO] RtosManager:555 - Registered RTOS mode: class=RTOS, group=Core, mode=CMSIS_V2, owner=FREERTOS
2024-10-17 15:52:21,952 [WARN] ModelIntegratedComponent:184 - Missing modes for component STMicroelectronics:FreeRTOS:0.0.1:STMicroelectronics:RTOS:FreeRTOS:Core:::10.2.0:
2024-10-17 15:52:21,953 [WARN] ModelIntegratedComponent:63 - No mode defined for component null
2024-10-17 15:52:21,953 [WARN] ModelIntegratedComponent:63 - No mode defined for component null
2024-10-17 15:52:21,954 [WARN] ModelIntegratedComponent:63 - No mode defined for component null
2024-10-17 15:52:21,954 [WARN] ModelIntegratedComponent:63 - No mode defined for component null
2024-10-17 15:52:21,954 [WARN] ModelIntegratedComponent:63 - No mode defined for component null
2024-10-17 15:52:21,954 [WARN] ModelIntegratedComponent:63 - No mode defined for component null
2024-10-17 15:52:21,954 [WARN] ModelIntegratedComponent:63 - No mode defined for component null
2024-10-17 15:52:21,954 [WARN] ModelIntegratedComponent:63 - No mode defined for component null
2024-10-17 15:52:21,954 [WARN] ModelIntegratedComponent:63 - No mode defined for component null
2024-10-17 15:52:21,954 [WARN] ModelIntegratedComponent:63 - No mode defined for component null
2024-10-17 15:52:21,954 [WARN] ModelIntegratedComponent:63 - No mode defined for component null
2024-10-17 15:52:21,954 [WARN] ModelIntegratedComponent:63 - No mode defined for component null
2024-10-17 15:52:21,954 [WARN] ModelIntegratedComponent:63 - No mode defined for component null
2024-10-17 15:52:21,954 [WARN] ModelIntegratedComponent:63 - No mode defined for component null
2024-10-17 15:52:21,954 [WARN] ModelIntegratedComponent:63 - No mode defined for component null
2024-10-17 15:52:21,954 [WARN] ModelIntegratedComponent:63 - No mode defined for component null
2024-10-17 15:52:21,954 [WARN] ModelIntegratedComponent:63 - No mode defined for component null
2024-10-17 15:52:21,954 [WARN] ModelIntegratedComponent:63 - No mode defined for component null
2024-10-17 15:52:21,954 [WARN] ModelIntegratedComponent:63 - No mode defined for component null
2024-10-17 15:52:21,955 [WARN] ModelIntegratedComponent:63 - No mode defined for component null
2024-10-17 15:52:21,955 [WARN] ModelIntegratedComponent:63 - No mode defined for component null
2024-10-17 15:52:21,955 [WARN] ModelIntegratedComponent:63 - No mode defined for component null
2024-10-17 15:52:21,955 [WARN] ModelIntegratedComponent:63 - No mode defined for component null
2024-10-17 15:52:21,955 [WARN] ModelIntegratedComponent:63 - No mode defined for component null
2024-10-17 15:52:21,955 [WARN] ModelIntegratedComponent:63 - No mode defined for component null
2024-10-17 15:52:21,955 [WARN] ModelIntegratedComponent:63 - No mode defined for component null
2024-10-17 15:52:21,955 [WARN] ModelIntegratedComponent:63 - No mode defined for component null
2024-10-17 15:52:21,955 [WARN] ModelIntegratedComponent:63 - No mode defined for component null
2024-10-17 15:52:21,955 [WARN] ModelIntegratedComponent:63 - No mode defined for component null
2024-10-17 15:52:21,955 [WARN] ModelIntegratedComponent:63 - No mode defined for component null
2024-10-17 15:52:21,955 [WARN] ModelIntegratedComponent:63 - No mode defined for component null
2024-10-17 15:52:21,955 [WARN] ModelIntegratedComponent:63 - No mode defined for component null
2024-10-17 15:52:21,955 [WARN] ModelIntegratedComponent:63 - No mode defined for component null
2024-10-17 15:52:21,963 [INFO] ThirdPartyModel:298 - Start build external matchings
2024-10-17 15:52:21,964 [INFO] ThirdPartyModel:316 - End build external matchings
2024-10-17 15:52:21,972 [INFO] ImportTextPane:194 - (OptionalMessage_ERROR) IP (RCC) : Invalid parameter (FamilyName)
2024-10-17 15:52:21,973 [INFO] ImportTextPane:194 - (OptionalMessage_ERROR) IP (RCC) : Invalid parameter (TIM2Freq_Value)
2024-10-17 15:52:22,274 [INFO] UtilMem:75 - End LoadConfig() Used Memory: 680398184 Bytes (808452096)
2024-10-17 15:52:22,304 [WARN] ThirdParty:833 - waiting for thirdparty lock release [change project]
2024-10-17 15:52:22,304 [INFO] ThirdParty:835 - entering critical section [change project]
2024-10-17 15:52:22,305 [INFO] ThirdParty:1030 - CMSIS Pack Vendor :STMicroelectronics ThreadX 1.0.0
2024-10-17 15:52:22,305 [INFO] ThirdParty:1030 - CMSIS Pack Vendor :STMicroelectronics USB_HOST 2.0.0
2024-10-17 15:52:22,305 [INFO] ThirdParty:1030 - CMSIS Pack Vendor :STMicroelectronics LIBJPEG 8.0.0
2024-10-17 15:52:22,305 [INFO] ThirdParty:1030 - CMSIS Pack Vendor :STMicroelectronics FP-ATR-SIGFOX1 3.2.0
2024-10-17 15:52:22,305 [INFO] ThirdParty:1030 - CMSIS Pack Vendor :STMicroelectronics FreeRTOS 0.0.1
2024-10-17 15:52:22,305 [INFO] ThirdParty:1030 - CMSIS Pack Vendor :STMicroelectronics USB_DEVICE 1.0.0
2024-10-17 15:52:22,305 [INFO] ThirdParty:1030 - CMSIS Pack Vendor :STMicroelectronics STM32_WPAN 1.0.0
2024-10-17 15:52:22,305 [INFO] ThirdParty:1030 - CMSIS Pack Vendor :STMicroelectronics USB_DEVICE 3.0.0
2024-10-17 15:52:22,305 [INFO] ThirdParty:1030 - CMSIS Pack Vendor :STMicroelectronics HAL Drivers 0.0.0
2024-10-17 15:52:22,305 [INFO] ThirdParty:1030 - CMSIS Pack Vendor :STMicroelectronics MBEDTLS 2.16.2
2024-10-17 15:52:22,306 [INFO] ThirdParty:1030 - CMSIS Pack Vendor :STMicroelectronics ThreadX 0.0.2
2024-10-17 15:52:22,306 [INFO] ThirdParty:1030 - CMSIS Pack Vendor :STMicroelectronics lwIP 2.0.3
2024-10-17 15:52:22,306 [INFO] ThirdParty:1030 - CMSIS Pack Vendor :STMicroelectronics lwIP 2.1.2
2024-10-17 15:52:22,306 [INFO] ThirdParty:1030 - CMSIS Pack Vendor :STMicroelectronics MBEDTLS 2.14.1
2024-10-17 15:52:22,306 [INFO] ThirdParty:1030 - CMSIS Pack Vendor :STMicroelectronics X-CUBE-BLE2 3.3.0
2024-10-17 15:52:22,306 [INFO] ThirdParty:1030 - CMSIS Pack Vendor :STMicroelectronics USB_HOST 1.0.0
2024-10-17 15:52:22,306 [INFO] ThirdParty:1030 - CMSIS Pack Vendor :STMicroelectronics PDM2PCM 3.1.0
2024-10-17 15:52:22,306 [INFO] ThirdParty:1030 - CMSIS Pack Vendor :STMicroelectronics USB_DEVICE 2.0.0
2024-10-17 15:52:22,306 [INFO] ThirdParty:1030 - CMSIS Pack Vendor :STMicroelectronics PDM2PCM 3.2.0
2024-10-17 15:52:22,306 [INFO] ThirdParty:1030 - CMSIS Pack Vendor :STMicroelectronics PDM2PCM 3.3.0
2024-10-17 15:52:22,306 [INFO] ThirdParty:841 - exiting critical section [change project]
2024-10-17 15:52:23,009 [INFO] PinOutPanel:1499 - setPackage(No Configuration,No Configuration)
2024-10-17 15:52:23,010 [INFO] PinOutPanel:1499 - setPackage(STM32F303VCTx,LQFP100)
2024-10-17 15:52:23,657 [INFO] UtilMem:75 - Before build in PCC Used Memory: 699968624 Bytes (808452096)
2024-10-17 15:52:24,353 [INFO] UtilMem:75 - After build in PCC Used Memory: 634940104 Bytes (808452096)
2024-10-17 15:52:24,397 [INFO] IPUIPlugin:80 - create IPUIPlugin
2024-10-17 15:52:24,398 [INFO] IPUIPlugin:80 - create IPUIPlugin
2024-10-17 15:52:24,398 [INFO] IPUIPlugin:80 - create IPUIPlugin
2024-10-17 15:52:24,398 [INFO] IPUIPlugin:80 - create IPUIPlugin
2024-10-17 15:52:24,398 [INFO] IPUIPlugin:80 - create IPUIPlugin
2024-10-17 15:52:24,398 [INFO] IPUIPlugin:80 - create IPUIPlugin
2024-10-17 15:52:24,398 [INFO] IPUIPlugin:80 - create IPUIPlugin
2024-10-17 15:52:24,399 [INFO] IPUIPlugin:80 - create IPUIPlugin
2024-10-17 15:52:24,399 [INFO] IPUIPlugin:80 - create IPUIPlugin
2024-10-17 15:52:24,399 [INFO] IPUIPlugin:80 - create IPUIPlugin
2024-10-17 15:52:24,399 [INFO] IPUIPlugin:80 - create IPUIPlugin
2024-10-17 15:52:24,399 [INFO] IPUIPlugin:80 - create IPUIPlugin
2024-10-17 15:52:24,400 [INFO] IPUIPlugin:80 - create IPUIPlugin
2024-10-17 15:52:24,400 [INFO] IPUIPlugin:80 - create IPUIPlugin
2024-10-17 15:52:24,400 [INFO] IPUIPlugin:80 - create IPUIPlugin
2024-10-17 15:52:24,400 [INFO] IPUIPlugin:80 - create IPUIPlugin
2024-10-17 15:52:24,401 [INFO] IPUIPlugin:80 - create IPUIPlugin
2024-10-17 15:52:24,401 [INFO] IPUIPlugin:80 - create IPUIPlugin
2024-10-17 15:52:24,401 [INFO] IPUIPlugin:80 - create IPUIPlugin
2024-10-17 15:52:24,403 [INFO] IPUIPlugin:80 - create IPUIPlugin
2024-10-17 15:52:24,403 [INFO] IPUIPlugin:80 - create IPUIPlugin
2024-10-17 15:52:24,404 [INFO] IPUIPlugin:80 - create IPUIPlugin
2024-10-17 15:52:24,404 [INFO] IPUIPlugin:80 - create IPUIPlugin
2024-10-17 15:52:24,404 [INFO] IPUIPlugin:80 - create IPUIPlugin
2024-10-17 15:52:24,405 [INFO] IPUIPlugin:80 - create IPUIPlugin
2024-10-17 15:52:24,405 [INFO] IPUIPlugin:80 - create IPUIPlugin
2024-10-17 15:52:24,405 [INFO] IPUIPlugin:80 - create IPUIPlugin
2024-10-17 15:52:24,405 [INFO] IPUIPlugin:80 - create IPUIPlugin
2024-10-17 15:52:24,405 [INFO] IPUIPlugin:80 - create IPUIPlugin
2024-10-17 15:52:24,406 [INFO] IPUIPlugin:80 - create IPUIPlugin
2024-10-17 15:52:24,406 [INFO] IPUIPlugin:80 - create IPUIPlugin
2024-10-17 15:52:24,406 [INFO] IPUIPlugin:80 - create IPUIPlugin
2024-10-17 15:52:24,408 [INFO] IPUIPlugin:80 - create IPUIPlugin
2024-10-17 15:52:24,409 [INFO] IPUIPlugin:80 - create IPUIPlugin
2024-10-17 15:52:24,409 [INFO] IPUIPlugin:80 - create IPUIPlugin
2024-10-17 15:52:24,409 [INFO] IPUIPlugin:80 - create IPUIPlugin
2024-10-17 15:52:24,409 [INFO] IPUIPlugin:80 - create IPUIPlugin
2024-10-17 15:52:24,410 [INFO] IPUIPlugin:80 - create IPUIPlugin
2024-10-17 15:52:24,410 [INFO] IPUIPlugin:80 - create IPUIPlugin
2024-10-17 15:52:24,410 [INFO] IPUIPlugin:80 - create IPUIPlugin
2024-10-17 15:52:24,410 [INFO] IPUIPlugin:80 - create IPUIPlugin
2024-10-17 15:52:24,410 [INFO] IPUIPlugin:80 - create IPUIPlugin
2024-10-17 15:52:24,410 [INFO] IPUIPlugin:80 - create IPUIPlugin
2024-10-17 15:52:24,410 [INFO] IPUIPlugin:80 - create IPUIPlugin
2024-10-17 15:52:24,410 [INFO] IPUIPlugin:80 - create IPUIPlugin
2024-10-17 15:52:24,411 [INFO] IPUIPlugin:80 - create IPUIPlugin
2024-10-17 15:52:24,411 [INFO] IPUIPlugin:80 - create IPUIPlugin
2024-10-17 15:52:24,411 [INFO] IPUIPlugin:80 - create IPUIPlugin
2024-10-17 15:52:24,411 [INFO] IPUIPlugin:80 - create IPUIPlugin
2024-10-17 15:52:24,411 [INFO] IPUIPlugin:80 - create IPUIPlugin
2024-10-17 15:52:24,412 [INFO] IPUIPlugin:80 - create IPUIPlugin
2024-10-17 15:52:24,412 [INFO] IPUIPlugin:80 - create IPUIPlugin
2024-10-17 15:52:24,412 [INFO] IPUIPlugin:80 - create IPUIPlugin
2024-10-17 15:52:24,413 [INFO] IPUIPlugin:80 - create IPUIPlugin
2024-10-17 15:52:24,413 [INFO] IPUIPlugin:80 - create IPUIPlugin
2024-10-17 15:52:24,692 [INFO] CADModel:165 - CPN selected for project levelSTM32F303VCT6
2024-10-17 15:52:24,693 [INFO] CADModel:114 - Register for checkConnection events
2024-10-17 15:52:24,738 [INFO] OpenFileManager:328 - Restore cursor
2024-10-17 15:52:25,102 [WARN] IP:2113 - lpm_enable not found: check if there is a RefParameter without a condition.
2024-10-17 15:52:25,103 [WARN] IP:2113 - lpm_enable not found: check if there is a RefParameter without a condition.
2024-10-17 15:52:25,584 [INFO] UtilMem:75 - End SaveConfig() Used Memory: 641405992 Bytes (808452096)
2024-10-17 15:52:26,310 [INFO] ServerAccessManage:473 - Download File stm32cube_fw_f3_v1110.zip
2024-10-17 15:53:31,237 [ERROR] FileExtend:455 - File entry not found
2024-10-17 15:53:31,238 [INFO] FileExtend:240 - Unzip File : stm32cube_fw_f3_v1110.zip
2024-10-17 15:53:31,238 [INFO] FileExtend:255 - Standard Zip Deflate
2024-10-17 15:53:34,797 [INFO] ServerAccessManage:473 - Download File stm32cube_fw_f3_v1115.zip
2024-10-17 15:54:17,682 [INFO] FileExtend:240 - Unzip File : stm32cube_fw_f3_v1115.zip
2024-10-17 15:54:17,682 [INFO] FileExtend:255 - Standard Zip Deflate
2024-10-17 15:54:30,523 [INFO] LoadServerPackagesThread:196 - End of LoadServerPackages Thread
2024-10-17 15:54:30,655 [INFO] ThirdPartyModel:298 - Start build external matchings
2024-10-17 15:54:30,658 [INFO] ThirdPartyModel:316 - End build external matchings
2024-10-17 15:54:30,658 [INFO] CheckServerUpdateThread:120 - End of CheckServer Thread
2024-10-17 15:54:30,662 [INFO] UtilMem:75 - End SaveConfig() Used Memory: 834952128 Bytes (1073741824)
2024-10-17 15:54:31,271 [INFO] BlockDiagram:2759 - set Specific Code input for plugin: SPI
2024-10-17 15:54:31,271 [INFO] BlockDiagram:2759 - set Specific Code input for plugin: SYS
2024-10-17 15:54:31,272 [INFO] BlockDiagram:2759 - set Specific Code input for plugin: RCC
2024-10-17 15:54:31,272 [INFO] BlockDiagram:2759 - set Specific Code input for plugin: I2C
2024-10-17 15:54:31,272 [INFO] BlockDiagram:2759 - set Specific Code input for plugin: NVIC
2024-10-17 15:54:31,272 [INFO] BlockDiagram:2759 - set Specific Code input for plugin: USB
2024-10-17 15:54:31,273 [INFO] BlockDiagram:2759 - set Specific Code input for plugin: GPIO
2024-10-17 15:54:31,274 [INFO] CodeGenerator:793 - code generatio: config db path: /app/stm32cubeide/plugins/com.st.stm32cube.common.mx_6.8.0.202302231600//db/
2024-10-17 15:54:31,324 [WARN] IP:2113 - lpm_enable not found: check if there is a RefParameter without a condition.
2024-10-17 15:54:31,612 [INFO] CodeEngine:255 - oldGeneratedFile, /home/gllekk/POCProjects/GSM_lib_based_on_STM32/LibraryForPhone/MXTmpFiles/license.tmp_save
2024-10-17 15:54:32,045 [INFO] CodeEngine:279 - Generated code: /home/gllekk/POCProjects/GSM_lib_based_on_STM32/LibraryForPhone/MXTmpFiles/license.tmp
2024-10-17 15:54:32,262 [INFO] CodeEngine:255 - oldGeneratedFile, /home/gllekk/POCProjects/GSM_lib_based_on_STM32/LibraryForPhone/MXTmpFiles/gpio.tmp_save
2024-10-17 15:54:32,380 [INFO] CodeEngine:279 - Generated code: /home/gllekk/POCProjects/GSM_lib_based_on_STM32/LibraryForPhone/MXTmpFiles/gpio.tmp
2024-10-17 15:54:32,846 [INFO] CodeEngine:255 - oldGeneratedFile, /home/gllekk/POCProjects/GSM_lib_based_on_STM32/LibraryForPhone/Core/Src/stm32f3xx_it.c_save
2024-10-17 15:54:32,940 [INFO] CodeEngine:279 - Generated code: /home/gllekk/POCProjects/GSM_lib_based_on_STM32/LibraryForPhone/Core/Src/stm32f3xx_it.c
2024-10-17 15:54:32,941 [INFO] CodeEngine:255 - oldGeneratedFile, /home/gllekk/POCProjects/GSM_lib_based_on_STM32/LibraryForPhone/Core/Inc/stm32f3xx_it.h_save
2024-10-17 15:54:33,002 [INFO] CodeEngine:279 - Generated code: /home/gllekk/POCProjects/GSM_lib_based_on_STM32/LibraryForPhone/Core/Inc/stm32f3xx_it.h
2024-10-17 15:54:33,007 [INFO] CodeEngine:255 - oldGeneratedFile, /home/gllekk/POCProjects/GSM_lib_based_on_STM32/LibraryForPhone/Core/Src/stm32f3xx_hal_msp.c_save
2024-10-17 15:54:33,111 [INFO] CodeEngine:279 - Generated code: /home/gllekk/POCProjects/GSM_lib_based_on_STM32/LibraryForPhone/Core/Src/stm32f3xx_hal_msp.c
2024-10-17 15:54:33,112 [INFO] CodeEngine:255 - oldGeneratedFile, /home/gllekk/POCProjects/GSM_lib_based_on_STM32/LibraryForPhone/MXTmpFiles/system.tmp_save
2024-10-17 15:54:33,170 [INFO] CodeEngine:279 - Generated code: /home/gllekk/POCProjects/GSM_lib_based_on_STM32/LibraryForPhone/MXTmpFiles/system.tmp
2024-10-17 15:54:33,173 [INFO] CodeEngine:311 - oldGeneratedFile, /home/gllekk/POCProjects/GSM_lib_based_on_STM32/LibraryForPhone/Core/Inc/stm32f3xx_hal_conf.h_save
2024-10-17 15:54:33,236 [INFO] CodeEngine:335 - Generated code: /home/gllekk/POCProjects/GSM_lib_based_on_STM32/LibraryForPhone/Core/Inc/stm32f3xx_hal_conf.h
2024-10-17 15:54:33,261 [INFO] CodeEngine:255 - oldGeneratedFile, /home/gllekk/POCProjects/GSM_lib_based_on_STM32/LibraryForPhone/Core/Inc/main.h_save
2024-10-17 15:54:33,332 [INFO] CodeEngine:279 - Generated code: /home/gllekk/POCProjects/GSM_lib_based_on_STM32/LibraryForPhone/Core/Inc/main.h
2024-10-17 15:54:33,333 [INFO] CodeEngine:255 - oldGeneratedFile, /home/gllekk/POCProjects/GSM_lib_based_on_STM32/LibraryForPhone/Core/Src/main.c_save
2024-10-17 15:54:33,439 [INFO] CodeEngine:279 - Generated code: /home/gllekk/POCProjects/GSM_lib_based_on_STM32/LibraryForPhone/Core/Src/main.c
2024-10-17 15:54:34,285 [INFO] ProjectBuilder:2996 - Time for Copy HAL[2] : 0mS.
2024-10-17 15:54:34,298 [INFO] ProjectBuilder:4304 - Project Generator version: 3.19.2
2024-10-17 15:54:34,801 [INFO] ConfigFileManager:1483 - The Die is : DIE422
2024-10-17 15:54:34,808 [INFO] ApiDbMcu:507 - Load IP Config File for FATFS
2024-10-17 15:54:34,814 [INFO] ApiDbMcu:507 - Load IP Config File for FREERTOS
2024-10-17 15:54:34,824 [INFO] ApiDbMcu:507 - Load IP Config File for TOUCHSENSING
2024-10-17 15:54:34,830 [INFO] ApiDbMcu:507 - Load IP Config File for USB_DEVICE
2024-10-17 15:54:35,781 [INFO] LogOutputStream:77 - [STDOUT_REDIRECT] 
2024-10-17 15:54:41,650 [INFO] ProjectBuilder:4505 - Time for Generating toolchain IDE Files: 7350mS.
2024-10-17 15:54:41,650 [INFO] ProjectBuilder:2867 - Time for Copy CMSIS : 0mS.
2024-10-17 15:54:41,651 [INFO] ProjectBuilder:2867 - Time for Copy CMSIS : 0mS.
2024-10-17 15:54:42,265 [INFO] McuFinderGlobals:66 - Set McuFinderConnectedMode to true
2024-10-17 15:54:42,266 [INFO] ApiDb:448 - Save user favorites file /home/gllekk/.stm32cubeide/favorites.mcus.txt: 2 item(s)
2024-10-17 15:54:42,266 [INFO] ApiDb:452 - User favorites MCUs=[STM32F303C6T6, STM32F303VCT6]
2024-10-17 15:54:42,270 [INFO] ApiDb:448 - Save user favorites file /home/gllekk/.stm32cubeide/favorites.boards.txt: 1 item(s)
2024-10-17 15:54:42,270 [INFO] ApiDb:452 - User favorites Boards=[STM32F3DISCOVERY]
2024-10-17 15:56:59,464 [INFO] I2cTimingTraitement:330 - 0x2000090E
2024-10-17 16:19:39,666 [WARN] IP:2113 - lpm_enable not found: check if there is a RefParameter without a condition.
2024-10-17 16:19:39,672 [WARN] IP:2113 - lpm_enable not found: check if there is a RefParameter without a condition.
2024-10-17 16:19:39,711 [WARN] IP:2113 - lpm_enable not found: check if there is a RefParameter without a condition.
2024-10-17 16:19:39,758 [WARN] IP:2113 - lpm_enable not found: check if there is a RefParameter without a condition.
2024-10-17 16:20:44,607 [WARN] IP:2113 - lpm_enable not found: check if there is a RefParameter without a condition.
2024-10-17 16:20:44,607 [WARN] IP:2113 - lpm_enable not found: check if there is a RefParameter without a condition.
2024-10-17 16:20:44,643 [WARN] IP:2113 - lpm_enable not found: check if there is a RefParameter without a condition.
2024-10-17 16:20:44,678 [WARN] IP:2113 - lpm_enable not found: check if there is a RefParameter without a condition.
2024-10-17 16:20:56,579 [WARN] IP:2113 - lpm_enable not found: check if there is a RefParameter without a condition.
2024-10-17 16:20:56,579 [WARN] IP:2113 - lpm_enable not found: check if there is a RefParameter without a condition.
2024-10-17 16:20:56,615 [WARN] IP:2113 - lpm_enable not found: check if there is a RefParameter without a condition.
2024-10-17 16:20:56,649 [WARN] IP:2113 - lpm_enable not found: check if there is a RefParameter without a condition.
2024-10-17 16:21:31,958 [WARN] IP:2113 - lpm_enable not found: check if there is a RefParameter without a condition.
2024-10-17 16:21:31,958 [WARN] IP:2113 - lpm_enable not found: check if there is a RefParameter without a condition.
2024-10-17 16:21:31,988 [WARN] IP:2113 - lpm_enable not found: check if there is a RefParameter without a condition.
2024-10-17 16:21:32,019 [WARN] IP:2113 - lpm_enable not found: check if there is a RefParameter without a condition.
2024-10-17 16:22:22,250 [WARN] IP:2113 - lpm_enable not found: check if there is a RefParameter without a condition.
2024-10-17 16:22:22,250 [WARN] IP:2113 - lpm_enable not found: check if there is a RefParameter without a condition.
2024-10-17 16:22:22,279 [WARN] IP:2113 - lpm_enable not found: check if there is a RefParameter without a condition.
2024-10-17 16:22:22,307 [WARN] IP:2113 - lpm_enable not found: check if there is a RefParameter without a condition.
2024-10-17 16:22:41,441 [WARN] IP:2113 - lpm_enable not found: check if there is a RefParameter without a condition.
2024-10-17 16:22:41,441 [WARN] IP:2113 - lpm_enable not found: check if there is a RefParameter without a condition.
2024-10-17 16:22:41,489 [WARN] IP:2113 - lpm_enable not found: check if there is a RefParameter without a condition.
2024-10-17 16:22:41,518 [WARN] IP:2113 - lpm_enable not found: check if there is a RefParameter without a condition.
2024-10-17 16:23:41,380 [INFO] NvicIntPanel:101 - NVIC parent = com.st.microxplorer.plugins.ip.nvic.MultiNvicIntPanel[,0,0,0x0,invalid,layout=javax.swing.BoxLayout,alignmentX=0.0,alignmentY=0.0,border=,flags=9,maximumSize=,minimumSize=,preferredSize=]
2024-10-17 16:23:41,477 [INFO] NvicIntPanel:101 - NVIC parent = com.st.microxplorer.plugins.ip.nvic.MultiNvicIntPanel[,0,0,0x0,invalid,layout=javax.swing.BoxLayout,alignmentX=0.0,alignmentY=0.0,border=,flags=9,maximumSize=,minimumSize=,preferredSize=]
2024-10-17 16:25:38,540 [INFO] UtilMem:75 - End SaveConfig() Used Memory: 528525464 Bytes (762314752)
2024-10-17 16:25:40,687 [INFO] UtilMem:75 - End SaveConfig() Used Memory: 559718992 Bytes (762314752)
2024-10-17 16:25:40,972 [INFO] UtilMem:75 - End SaveConfig() Used Memory: 590455408 Bytes (762314752)
2024-10-17 16:25:41,212 [INFO] BlockDiagram:2759 - set Specific Code input for plugin: SPI
2024-10-17 16:25:41,212 [INFO] BlockDiagram:2759 - set Specific Code input for plugin: SPI
2024-10-17 16:25:41,212 [INFO] BlockDiagram:2759 - set Specific Code input for plugin: SYS
2024-10-17 16:25:41,212 [INFO] BlockDiagram:2759 - set Specific Code input for plugin: RCC
2024-10-17 16:25:41,213 [INFO] BlockDiagram:2759 - set Specific Code input for plugin: I2C
2024-10-17 16:25:41,213 [INFO] BlockDiagram:2759 - set Specific Code input for plugin: NVIC
2024-10-17 16:25:41,213 [INFO] BlockDiagram:2759 - set Specific Code input for plugin: USB
2024-10-17 16:25:41,213 [INFO] BlockDiagram:2759 - set Specific Code input for plugin: GPIO
2024-10-17 16:25:41,219 [INFO] CodeGenerator:793 - code generatio: config db path: /app/stm32cubeide/plugins/com.st.stm32cube.common.mx_6.8.0.202302231600//db/
2024-10-17 16:25:41,274 [WARN] IP:2113 - lpm_enable not found: check if there is a RefParameter without a condition.
2024-10-17 16:25:41,432 [INFO] CodeEngine:255 - oldGeneratedFile, /home/gllekk/POCProjects/GSM_lib_based_on_STM32/LibraryForPhone/MXTmpFiles/license.tmp_save
2024-10-17 16:25:41,496 [INFO] CodeEngine:279 - Generated code: /home/gllekk/POCProjects/GSM_lib_based_on_STM32/LibraryForPhone/MXTmpFiles/license.tmp
2024-10-17 16:25:41,585 [INFO] CodeEngine:255 - oldGeneratedFile, /home/gllekk/POCProjects/GSM_lib_based_on_STM32/LibraryForPhone/Core/Src/gpio.c_save
2024-10-17 16:25:41,649 [INFO] CodeEngine:279 - Generated code: /home/gllekk/POCProjects/GSM_lib_based_on_STM32/LibraryForPhone/Core/Src/gpio.c
2024-10-17 16:25:41,651 [INFO] CodeEngine:255 - oldGeneratedFile, /home/gllekk/POCProjects/GSM_lib_based_on_STM32/LibraryForPhone/Core/Inc/gpio.h_save
2024-10-17 16:25:41,707 [INFO] CodeEngine:279 - Generated code: /home/gllekk/POCProjects/GSM_lib_based_on_STM32/LibraryForPhone/Core/Inc/gpio.h
2024-10-17 16:25:42,180 [INFO] CodeEngine:255 - oldGeneratedFile, /home/gllekk/POCProjects/GSM_lib_based_on_STM32/LibraryForPhone/Core/Src/i2c.c_save
2024-10-17 16:25:42,284 [INFO] CodeEngine:279 - Generated code: /home/gllekk/POCProjects/GSM_lib_based_on_STM32/LibraryForPhone/Core/Src/i2c.c
2024-10-17 16:25:42,285 [INFO] CodeEngine:255 - oldGeneratedFile, /home/gllekk/POCProjects/GSM_lib_based_on_STM32/LibraryForPhone/Core/Inc/i2c.h_save
2024-10-17 16:25:42,337 [INFO] CodeEngine:279 - Generated code: /home/gllekk/POCProjects/GSM_lib_based_on_STM32/LibraryForPhone/Core/Inc/i2c.h
2024-10-17 16:25:42,340 [INFO] CodeEngine:255 - oldGeneratedFile, /home/gllekk/POCProjects/GSM_lib_based_on_STM32/LibraryForPhone/Core/Src/spi.c_save
2024-10-17 16:25:42,421 [INFO] CodeEngine:279 - Generated code: /home/gllekk/POCProjects/GSM_lib_based_on_STM32/LibraryForPhone/Core/Src/spi.c
2024-10-17 16:25:42,423 [INFO] CodeEngine:255 - oldGeneratedFile, /home/gllekk/POCProjects/GSM_lib_based_on_STM32/LibraryForPhone/Core/Inc/spi.h_save
2024-10-17 16:25:42,477 [INFO] CodeEngine:279 - Generated code: /home/gllekk/POCProjects/GSM_lib_based_on_STM32/LibraryForPhone/Core/Inc/spi.h
2024-10-17 16:25:42,479 [INFO] CodeEngine:255 - oldGeneratedFile, /home/gllekk/POCProjects/GSM_lib_based_on_STM32/LibraryForPhone/Core/Src/usb.c_save
2024-10-17 16:25:42,549 [INFO] CodeEngine:279 - Generated code: /home/gllekk/POCProjects/GSM_lib_based_on_STM32/LibraryForPhone/Core/Src/usb.c
2024-10-17 16:25:42,550 [INFO] CodeEngine:255 - oldGeneratedFile, /home/gllekk/POCProjects/GSM_lib_based_on_STM32/LibraryForPhone/Core/Inc/usb.h_save
2024-10-17 16:25:42,598 [INFO] CodeEngine:279 - Generated code: /home/gllekk/POCProjects/GSM_lib_based_on_STM32/LibraryForPhone/Core/Inc/usb.h
2024-10-17 16:25:42,602 [INFO] CodeEngine:255 - oldGeneratedFile, /home/gllekk/POCProjects/GSM_lib_based_on_STM32/LibraryForPhone/Core/Src/stm32f3xx_it.c_save
2024-10-17 16:25:42,660 [INFO] CodeEngine:279 - Generated code: /home/gllekk/POCProjects/GSM_lib_based_on_STM32/LibraryForPhone/Core/Src/stm32f3xx_it.c
2024-10-17 16:25:42,662 [INFO] CodeEngine:255 - oldGeneratedFile, /home/gllekk/POCProjects/GSM_lib_based_on_STM32/LibraryForPhone/Core/Inc/stm32f3xx_it.h_save
2024-10-17 16:25:42,709 [INFO] CodeEngine:279 - Generated code: /home/gllekk/POCProjects/GSM_lib_based_on_STM32/LibraryForPhone/Core/Inc/stm32f3xx_it.h
2024-10-17 16:25:42,711 [INFO] CodeEngine:255 - oldGeneratedFile, /home/gllekk/POCProjects/GSM_lib_based_on_STM32/LibraryForPhone/Core/Src/stm32f3xx_hal_msp.c_save
2024-10-17 16:25:42,782 [INFO] CodeEngine:279 - Generated code: /home/gllekk/POCProjects/GSM_lib_based_on_STM32/LibraryForPhone/Core/Src/stm32f3xx_hal_msp.c
2024-10-17 16:25:42,783 [INFO] CodeEngine:255 - oldGeneratedFile, /home/gllekk/POCProjects/GSM_lib_based_on_STM32/LibraryForPhone/MXTmpFiles/system.tmp_save
2024-10-17 16:25:42,829 [INFO] CodeEngine:279 - Generated code: /home/gllekk/POCProjects/GSM_lib_based_on_STM32/LibraryForPhone/MXTmpFiles/system.tmp
2024-10-17 16:25:42,830 [INFO] CodeEngine:311 - oldGeneratedFile, /home/gllekk/POCProjects/GSM_lib_based_on_STM32/LibraryForPhone/Core/Inc/stm32f3xx_hal_conf.h_save
2024-10-17 16:25:42,884 [INFO] CodeEngine:335 - Generated code: /home/gllekk/POCProjects/GSM_lib_based_on_STM32/LibraryForPhone/Core/Inc/stm32f3xx_hal_conf.h
2024-10-17 16:25:42,903 [INFO] CodeEngine:255 - oldGeneratedFile, /home/gllekk/POCProjects/GSM_lib_based_on_STM32/LibraryForPhone/Core/Inc/main.h_save
2024-10-17 16:25:42,956 [INFO] CodeEngine:279 - Generated code: /home/gllekk/POCProjects/GSM_lib_based_on_STM32/LibraryForPhone/Core/Inc/main.h
2024-10-17 16:25:42,957 [INFO] CodeEngine:255 - oldGeneratedFile, /home/gllekk/POCProjects/GSM_lib_based_on_STM32/LibraryForPhone/Core/Src/main.c_save
2024-10-17 16:25:43,048 [INFO] CodeEngine:279 - Generated code: /home/gllekk/POCProjects/GSM_lib_based_on_STM32/LibraryForPhone/Core/Src/main.c
2024-10-17 16:25:43,402 [INFO] ProjectBuilder:2996 - Time for Copy HAL[2] : 0mS.
2024-10-17 16:25:43,405 [INFO] ProjectBuilder:4304 - Project Generator version: 3.19.2
2024-10-17 16:25:43,685 [INFO] ConfigFileManager:1483 - The Die is : DIE422
2024-10-17 16:25:45,300 [INFO] ProjectBuilder:4505 - Time for Generating toolchain IDE Files: 1895mS.
2024-10-17 16:25:45,301 [INFO] ProjectBuilder:2867 - Time for Copy CMSIS : 0mS.
2024-10-17 16:25:45,301 [INFO] ProjectBuilder:2867 - Time for Copy CMSIS : 0mS.
2024-10-17 16:28:40,869 [ERROR] LogOutputStream:75 - [STDERR_REDIRECT] Exception in thread "AWT-EventQueue-0" org.eclipse.swt.SWTException: Device is disposed
2024-10-17 16:28:40,870 [ERROR] LogOutputStream:75 - [STDERR_REDIRECT] 	at org.eclipse.swt.SWT.error(SWT.java:4918)
2024-10-17 16:28:40,870 [ERROR] LogOutputStream:75 - [STDERR_REDIRECT] 	at org.eclipse.swt.SWT.error(SWT.java:4833)
2024-10-17 16:28:40,871 [ERROR] LogOutputStream:75 - [STDERR_REDIRECT] 	at org.eclipse.swt.SWT.error(SWT.java:4804)
2024-10-17 16:28:40,871 [ERROR] LogOutputStream:75 - [STDERR_REDIRECT] 	at org.eclipse.swt.widgets.Display.error(Display.java:1518)
2024-10-17 16:28:40,871 [ERROR] LogOutputStream:75 - [STDERR_REDIRECT] 	at org.eclipse.swt.widgets.Display.asyncExec(Display.java:930)
2024-10-17 16:28:40,871 [ERROR] LogOutputStream:75 - [STDERR_REDIRECT] 	at com.st.stm32cube.common.mx.oss.core.awtswtbridge.AwtEnvironment$2.run(AwtEnvironment.java:168)
2024-10-17 16:28:40,872 [ERROR] LogOutputStream:75 - [STDERR_REDIRECT] 	at java.desktop/java.awt.event.InvocationEvent.dispatch(InvocationEvent.java:313)
2024-10-17 16:28:40,872 [ERROR] LogOutputStream:75 - [STDERR_REDIRECT] 	at java.desktop/java.awt.EventQueue.dispatchEventImpl(EventQueue.java:770)
2024-10-17 16:28:40,872 [ERROR] LogOutputStream:75 - [STDERR_REDIRECT] 	at java.desktop/java.awt.EventQueue$4.run(EventQueue.java:721)
2024-10-17 16:28:40,872 [ERROR] LogOutputStream:75 - [STDERR_REDIRECT] 	at java.desktop/java.awt.EventQueue$4.run(EventQueue.java:715)
2024-10-17 16:28:40,872 [ERROR] LogOutputStream:75 - [STDERR_REDIRECT] 	at java.base/java.security.AccessController.doPrivileged(Native Method)
2024-10-17 16:28:40,873 [ERROR] LogOutputStream:75 - [STDERR_REDIRECT] 	at java.base/java.security.ProtectionDomain$JavaSecurityAccessImpl.doIntersectionPrivilege(ProtectionDomain.java:85)
2024-10-17 16:28:40,873 [ERROR] LogOutputStream:75 - [STDERR_REDIRECT] 	at java.desktop/java.awt.EventQueue.dispatchEvent(EventQueue.java:740)
2024-10-17 16:28:40,873 [ERROR] LogOutputStream:75 - [STDERR_REDIRECT] 	at java.desktop/java.awt.EventDispatchThread.pumpOneEventForFilters(EventDispatchThread.java:203)
2024-10-17 16:28:40,873 [ERROR] LogOutputStream:75 - [STDERR_REDIRECT] 	at java.desktop/java.awt.EventDispatchThread.pumpEventsForFilter(EventDispatchThread.java:124)
2024-10-17 16:28:40,873 [ERROR] LogOutputStream:75 - [STDERR_REDIRECT] 	at java.desktop/java.awt.EventDispatchThread.pumpEventsForHierarchy(EventDispatchThread.java:113)
2024-10-17 16:28:40,873 [ERROR] LogOutputStream:75 - [STDERR_REDIRECT] 	at java.desktop/java.awt.EventDispatchThread.pumpEvents(EventDispatchThread.java:109)
2024-10-17 16:28:40,874 [ERROR] LogOutputStream:75 - [STDERR_REDIRECT] 	at java.desktop/java.awt.EventDispatchThread.pumpEvents(EventDispatchThread.java:101)
2024-10-17 16:28:40,874 [ERROR] LogOutputStream:75 - [STDERR_REDIRECT] 	at java.desktop/java.awt.EventDispatchThread.run(EventDispatchThread.java:90)
