16:34:34 **** Incremental Build of configuration Debug for project LibraryForPhone ****
make -j8 all 
arm-none-eabi-g++ "../Core/Src/main.cpp" -mcpu=cortex-m4 -std=gnu++14 -g3 -DDEBUG -DUSE_HAL_DRIVER -DSTM32F303xC -c -I../Core/Inc -I/home/gllekk/STM32Cube/Repository/STM32Cube_FW_F3_V1.11.5/Drivers/STM32F3xx_HAL_Driver/Inc -I/home/gllekk/STM32Cube/Repository/STM32Cube_FW_F3_V1.11.5/Drivers/STM32F3xx_HAL_Driver/Inc/Legacy -I/home/gllekk/STM32Cube/Repository/STM32Cube_FW_F3_V1.11.5/Drivers/CMSIS/Device/ST/STM32F3xx/Include -I/home/gllekk/STM32Cube/Repository/STM32Cube_FW_F3_V1.11.5/Drivers/CMSIS/Include -O0 -ffunction-sections -fdata-sections -fno-exceptions -fno-rtti -fno-use-cxa-atexit -Wall -fstack-usage -fcyclomatic-complexity -MMD -MP -MF"Core/Src/main.d" -MT"Core/Src/main.o" --specs=nano.specs -mfpu=fpv4-sp-d16 -mfloat-abi=hard -mthumb -o "Core/Src/main.o"
arm-none-eabi-gcc "../Core/Src/stm32f3xx_hal_msp.c" -mcpu=cortex-m4 -std=gnu11 -g3 -DDEBUG -DUSE_HAL_DRIVER -DSTM32F303xC -c -I../Core/Inc -I/home/gllekk/STM32Cube/Repository/STM32Cube_FW_F3_V1.11.5/Drivers/STM32F3xx_HAL_Driver/Inc -I/home/gllekk/STM32Cube/Repository/STM32Cube_FW_F3_V1.11.5/Drivers/STM32F3xx_HAL_Driver/Inc/Legacy -I/home/gllekk/STM32Cube/Repository/STM32Cube_FW_F3_V1.11.5/Drivers/CMSIS/Device/ST/STM32F3xx/Include -I/home/gllekk/STM32Cube/Repository/STM32Cube_FW_F3_V1.11.5/Drivers/CMSIS/Include -O0 -ffunction-sections -fdata-sections -Wall -fstack-usage -fcyclomatic-complexity -MMD -MP -MF"Core/Src/stm32f3xx_hal_msp.d" -MT"Core/Src/stm32f3xx_hal_msp.o" --specs=nano.specs -mfpu=fpv4-sp-d16 -mfloat-abi=hard -mthumb -o "Core/Src/stm32f3xx_hal_msp.o"
arm-none-eabi-gcc "../Core/Src/stm32f3xx_it.c" -mcpu=cortex-m4 -std=gnu11 -g3 -DDEBUG -DUSE_HAL_DRIVER -DSTM32F303xC -c -I../Core/Inc -I/home/gllekk/STM32Cube/Repository/STM32Cube_FW_F3_V1.11.5/Drivers/STM32F3xx_HAL_Driver/Inc -I/home/gllekk/STM32Cube/Repository/STM32Cube_FW_F3_V1.11.5/Drivers/STM32F3xx_HAL_Driver/Inc/Legacy -I/home/gllekk/STM32Cube/Repository/STM32Cube_FW_F3_V1.11.5/Drivers/CMSIS/Device/ST/STM32F3xx/Include -I/home/gllekk/STM32Cube/Repository/STM32Cube_FW_F3_V1.11.5/Drivers/CMSIS/Include -O0 -ffunction-sections -fdata-sections -Wall -fstack-usage -fcyclomatic-complexity -MMD -MP -MF"Core/Src/stm32f3xx_it.d" -MT"Core/Src/stm32f3xx_it.o" --specs=nano.specs -mfpu=fpv4-sp-d16 -mfloat-abi=hard -mthumb -o "Core/Src/stm32f3xx_it.o"
arm-none-eabi-gcc "../Core/Src/syscalls.c" -mcpu=cortex-m4 -std=gnu11 -g3 -DDEBUG -DUSE_HAL_DRIVER -DSTM32F303xC -c -I../Core/Inc -I/home/gllekk/STM32Cube/Repository/STM32Cube_FW_F3_V1.11.5/Drivers/STM32F3xx_HAL_Driver/Inc -I/home/gllekk/STM32Cube/Repository/STM32Cube_FW_F3_V1.11.5/Drivers/STM32F3xx_HAL_Driver/Inc/Legacy -I/home/gllekk/STM32Cube/Repository/STM32Cube_FW_F3_V1.11.5/Drivers/CMSIS/Device/ST/STM32F3xx/Include -I/home/gllekk/STM32Cube/Repository/STM32Cube_FW_F3_V1.11.5/Drivers/CMSIS/Include -O0 -ffunction-sections -fdata-sections -Wall -fstack-usage -fcyclomatic-complexity -MMD -MP -MF"Core/Src/syscalls.d" -MT"Core/Src/syscalls.o" --specs=nano.specs -mfpu=fpv4-sp-d16 -mfloat-abi=hard -mthumb -o "Core/Src/syscalls.o"
arm-none-eabi-gcc "../Core/Src/sysmem.c" -mcpu=cortex-m4 -std=gnu11 -g3 -DDEBUG -DUSE_HAL_DRIVER -DSTM32F303xC -c -I../Core/Inc -I/home/gllekk/STM32Cube/Repository/STM32Cube_FW_F3_V1.11.5/Drivers/STM32F3xx_HAL_Driver/Inc -I/home/gllekk/STM32Cube/Repository/STM32Cube_FW_F3_V1.11.5/Drivers/STM32F3xx_HAL_Driver/Inc/Legacy -I/home/gllekk/STM32Cube/Repository/STM32Cube_FW_F3_V1.11.5/Drivers/CMSIS/Device/ST/STM32F3xx/Include -I/home/gllekk/STM32Cube/Repository/STM32Cube_FW_F3_V1.11.5/Drivers/CMSIS/Include -O0 -ffunction-sections -fdata-sections -Wall -fstack-usage -fcyclomatic-complexity -MMD -MP -MF"Core/Src/sysmem.d" -MT"Core/Src/sysmem.o" --specs=nano.specs -mfpu=fpv4-sp-d16 -mfloat-abi=hard -mthumb -o "Core/Src/sysmem.o"
arm-none-eabi-gcc "../Core/Src/system_stm32f3xx.c" -mcpu=cortex-m4 -std=gnu11 -g3 -DDEBUG -DUSE_HAL_DRIVER -DSTM32F303xC -c -I../Core/Inc -I/home/gllekk/STM32Cube/Repository/STM32Cube_FW_F3_V1.11.5/Drivers/STM32F3xx_HAL_Driver/Inc -I/home/gllekk/STM32Cube/Repository/STM32Cube_FW_F3_V1.11.5/Drivers/STM32F3xx_HAL_Driver/Inc/Legacy -I/home/gllekk/STM32Cube/Repository/STM32Cube_FW_F3_V1.11.5/Drivers/CMSIS/Device/ST/STM32F3xx/Include -I/home/gllekk/STM32Cube/Repository/STM32Cube_FW_F3_V1.11.5/Drivers/CMSIS/Include -O0 -ffunction-sections -fdata-sections -Wall -fstack-usage -fcyclomatic-complexity -MMD -MP -MF"Core/Src/system_stm32f3xx.d" -MT"Core/Src/system_stm32f3xx.o" --specs=nano.specs -mfpu=fpv4-sp-d16 -mfloat-abi=hard -mthumb -o "Core/Src/system_stm32f3xx.o"
arm-none-eabi-gcc "../Core/Src/usart.c" -mcpu=cortex-m4 -std=gnu11 -g3 -DDEBUG -DUSE_HAL_DRIVER -DSTM32F303xC -c -I../Core/Inc -I/home/gllekk/STM32Cube/Repository/STM32Cube_FW_F3_V1.11.5/Drivers/STM32F3xx_HAL_Driver/Inc -I/home/gllekk/STM32Cube/Repository/STM32Cube_FW_F3_V1.11.5/Drivers/STM32F3xx_HAL_Driver/Inc/Legacy -I/home/gllekk/STM32Cube/Repository/STM32Cube_FW_F3_V1.11.5/Drivers/CMSIS/Device/ST/STM32F3xx/Include -I/home/gllekk/STM32Cube/Repository/STM32Cube_FW_F3_V1.11.5/Drivers/CMSIS/Include -O0 -ffunction-sections -fdata-sections -Wall -fstack-usage -fcyclomatic-complexity -MMD -MP -MF"Core/Src/usart.d" -MT"Core/Src/usart.o" --specs=nano.specs -mfpu=fpv4-sp-d16 -mfloat-abi=hard -mthumb -o "Core/Src/usart.o"
arm-none-eabi-gcc "../Core/Src/usb.c" -mcpu=cortex-m4 -std=gnu11 -g3 -DDEBUG -DUSE_HAL_DRIVER -DSTM32F303xC -c -I../Core/Inc -I/home/gllekk/STM32Cube/Repository/STM32Cube_FW_F3_V1.11.5/Drivers/STM32F3xx_HAL_Driver/Inc -I/home/gllekk/STM32Cube/Repository/STM32Cube_FW_F3_V1.11.5/Drivers/STM32F3xx_HAL_Driver/Inc/Legacy -I/home/gllekk/STM32Cube/Repository/STM32Cube_FW_F3_V1.11.5/Drivers/CMSIS/Device/ST/STM32F3xx/Include -I/home/gllekk/STM32Cube/Repository/STM32Cube_FW_F3_V1.11.5/Drivers/CMSIS/Include -O0 -ffunction-sections -fdata-sections -Wall -fstack-usage -fcyclomatic-complexity -MMD -MP -MF"Core/Src/usb.d" -MT"Core/Src/usb.o" --specs=nano.specs -mfpu=fpv4-sp-d16 -mfloat-abi=hard -mthumb -o "Core/Src/usb.o"
../Core/Src/main.cpp:61:12: error: no matching function for call to 'GSM_Module::GSM_Module()'
   61 | GSM_Module gsm;
      |            ^~~
In file included from ../Core/Src/main.cpp:29:
../Core/Inc/GSMModule.hpp:28:2: note: candidate: 'GSM_Module::GSM_Module(const Parameters&)'
   28 |  GSM_Module(const Parameters& parameters);
      |  ^~~~~~~~~~
../Core/Inc/GSMModule.hpp:28:2: note:   candidate expects 1 argument, 0 provided
../Core/Inc/GSMModule.hpp:26:7: note: candidate: 'constexpr GSM_Module::GSM_Module(const GSM_Module&)'
   26 | class GSM_Module{
      |       ^~~~~~~~~~
../Core/Inc/GSMModule.hpp:26:7: note:   candidate expects 1 argument, 0 provided
../Core/Inc/GSMModule.hpp:26:7: note: candidate: 'constexpr GSM_Module::GSM_Module(GSM_Module&&)'
../Core/Inc/GSMModule.hpp:26:7: note:   candidate expects 1 argument, 0 provided
make: *** [Core/Src/subdir.mk:67: Core/Src/main.o] Error 1
make: *** Waiting for unfinished jobs....
"make -j8 all" terminated with exit code 2. Build might be incomplete.

16:34:35 Build Failed. 3 errors, 0 warnings. (took 1s.44ms)

